WARN /home/tie303177/work/nabledge/work2/.lw/nab-official/v1.4/biz_sample/doc/index.rst: level=2 line=19 /home/tie303177/work/nabledge/work2/.lw/nab-official/v1.4/biz_sample/doc/index.rst:19: (WARNING/2) Enumerated list ends 
WARN /home/tie303177/work/nabledge/work2/.lw/nab-official/v1.4/biz_sample/doc/index.rst: level=2 line=21 /home/tie303177/work/nabledge/work2/.lw/nab-official/v1.4/biz_sample/doc/index.rst:21: (WARNING/2) Block quote ends with
WARN /home/tie303177/work/nabledge/work2/.lw/nab-official/v1.4/document/TOP/document/glossary.rst: QL1 undefined label :ref:`fw-bussiness-component-label` — emitting display text only
WARN /home/tie303177/work/nabledge/work2/.lw/nab-official/v1.4/document/TOP/document/glossary.rst: QL1 undefined label :ref:`fw-bussiness-component-label` — emitting display text only
WARN /home/tie303177/work/nabledge/work2/.lw/nab-official/v1.4/document/TOP/document/glossary.rst: QL1 undefined label :ref:`fw-bussiness-component-label` — emitting display text only
WARN /home/tie303177/work/nabledge/work2/.lw/nab-official/v1.4/document/TOP/document/glossary.rst: QL1 undefined label :ref:`fw-bussiness-component-label` — emitting display text only
WARN /home/tie303177/work/nabledge/work2/.lw/nab-official/v1.4/document/TOP/document/glossary.rst: QL1 undefined label :ref:`WebFrontController` — emitting display text only
WARN /home/tie303177/work/nabledge/work2/.lw/nab-official/v1.4/document/TOP/document/glossary.rst: QL1 undefined label :ref:`scope` — emitting display text only
WARN /home/tie303177/work/nabledge/work2/.lw/nab-official/v1.4/document/TOP/document/glossary.rst: QL1 undefined label :ref:`serviceAvailable` — emitting display text only
WARN /home/tie303177/work/nabledge/work2/.lw/nab-official/v1.4/document/TOP/document/glossary.rst: QL1 undefined label :ref:`web_gui` — emitting display text only
WARN /home/tie303177/work/nabledge/work2/.lw/nab-official/v1.4/document/TOP/document/glossary.rst: QL1 undefined label :ref:`repository_config_load` — emitting display text only
WARN /home/tie303177/work/nabledge/work2/.lw/nab-official/v1.4/document/TOP/document/glossary.rst: QL1 undefined label :ref:`class_unit_test` — emitting display text only
WARN /home/tie303177/work/nabledge/work2/.lw/nab-official/v1.4/document/TOP/document/glossary.rst: QL1 undefined label :ref:`code_manager` — emitting display text only
WARN /home/tie303177/work/nabledge/work2/.lw/nab-official/v1.4/document/TOP/document/glossary.rst: QL1 undefined label :ref:`repository_config` — emitting display text only
WARN /home/tie303177/work/nabledge/work2/.lw/nab-official/v1.4/document/TOP/document/glossary.rst: QL1 undefined label :ref:`basic_architecture` — emitting display text only
WARN /home/tie303177/work/nabledge/work2/.lw/nab-official/v1.4/document/TOP/document/glossary.rst: QL1 undefined label :ref:`auto-test-framework` — emitting display text only
WARN /home/tie303177/work/nabledge/work2/.lw/nab-official/v1.4/document/TOP/document/glossary.rst: QL1 undefined label :ref:`thread-context-label` — emitting display text only
WARN /home/tie303177/work/nabledge/work2/.lw/nab-official/v1.4/document/TOP/document/glossary.rst: QL1 undefined label :ref:`static_data_cache` — emitting display text only
WARN /home/tie303177/work/nabledge/work2/.lw/nab-official/v1.4/document/TOP/document/glossary.rst: QL1 undefined label :ref:`deal_unit_test` — emitting display text only
WARN /home/tie303177/work/nabledge/work2/.lw/nab-official/v1.4/document/TOP/document/glossary.rst: QL1 undefined label :ref:`request-util-test-online` — emitting display text only
WARN /home/tie303177/work/nabledge/work2/.lw/nab-official/v1.4/document/TOP/document/glossary.rst: QL1 undefined label :ref:`basic_architecture` — emitting display text only
WARN /home/tie303177/work/nabledge/work2/.lw/nab-official/v1.4/document/TOP/document/glossary.rst: QL1 undefined label :ref:`request_unit_test` — emitting display text only
WARN /home/tie303177/work/nabledge/work2/.lw/nab-official/v1.4/document/TOP/document/glossary.rst: QL1 undefined label :ref:`repository` — emitting display text only
WARN /home/tie303177/work/nabledge/work2/.lw/nab-official/v1.4/ui_dev/doc/index.rst: level=2 line=12 /home/tie303177/work/nabledge/work2/.lw/nab-official/v1.4/ui_dev/doc/index.rst:12: (WARNING/2) Bullet list ends without 
WARN /home/tie303177/work/nabledge/work2/.lw/nab-official/v1.4/ui_dev/doc/development_environment/update_bundle_plugin.rst: level=2 line=153 /home/tie303177/work/nabledge/work2/.lw/nab-official/v1.4/ui_dev/doc/development_environment/update_bundle_plugin.rst:15
WARN /home/tie303177/work/nabledge/work2/.lw/nab-official/v1.4/workflow/doc/09/WorkflowArchitecture.rst: QL1 undefined label :ref:`workflowInstance` — emitting display text only
WARN /home/tie303177/work/nabledge/work2/.lw/nab-official/v1.4/workflow/doc/09/WorkflowArchitecture.rst: QL1 undefined label :ref:`workflowDefinitionClass` — emitting display text only
WARN /home/tie303177/work/nabledge/work2/.lw/nab-official/v1.4/workflow/doc/09/WorkflowArchitecture.rst: QL1 undefined label :ref:`workflowInstanceFactory` — emitting display text only
WARN /home/tie303177/work/nabledge/work2/.lw/nab-official/v1.4/workflow/doc/09/WorkflowArchitecture.rst: QL1 undefined label :ref:`workflowInstance` — emitting display text only
WARN /home/tie303177/work/nabledge/work2/.lw/nab-official/v1.4/workflow/doc/09/WorkflowArchitecture.rst: QL1 undefined label :ref:`workflowInstanceFactory` — emitting display text only
WARN /home/tie303177/work/nabledge/work2/.lw/nab-official/v1.4/workflow/doc/09/WorkflowArchitecture.rst: QL1 undefined label :ref:`workflowInstance` — emitting display text only
WARN /home/tie303177/work/nabledge/work2/.lw/nab-official/v1.4/workflow/doc/09/WorkflowArchitecture.rst: QL1 undefined label :ref:`workflowInstance` — emitting display text only
WARN /home/tie303177/work/nabledge/work2/.lw/nab-official/v1.4/workflow/doc/09/WorkflowArchitecture.rst: QL1 undefined label :ref:`workflowInstanceFactory` — emitting display text only
WARN /home/tie303177/work/nabledge/work2/.lw/nab-official/v1.4/workflow/doc/09/WorkflowArchitecture.rst: QL1 undefined label :ref:`basicWorkflowInstance` — emitting display text only
WARN /home/tie303177/work/nabledge/work2/.lw/nab-official/v1.4/workflow/doc/09/WorkflowArchitecture.rst: QL1 undefined label :ref:`definitionLoader` — emitting display text only
WARN /home/tie303177/work/nabledge/work2/.lw/nab-official/v1.4/workflow/doc/09/WorkflowArchitecture.rst: QL1 undefined label :ref:`workflowDefinitionClass` — emitting display text only
WARN /home/tie303177/work/nabledge/work2/.lw/nab-official/v1.4/workflow/doc/09/WorkflowArchitecture.rst: QL1 undefined label :ref:`definitionSchema` — emitting display text only
WARN /home/tie303177/work/nabledge/work2/.lw/nab-official/v1.4/workflow/doc/09/WorkflowArchitecture.rst: QL1 undefined label :ref:`definitionLoader` — emitting display text only
WARN /home/tie303177/work/nabledge/work2/.lw/nab-official/v1.4/workflow/doc/09/WorkflowArchitecture.rst: QL1 undefined label :ref:`workflowDefinitionClass` — emitting display text only
WARN /home/tie303177/work/nabledge/work2/.lw/nab-official/v1.4/workflow/doc/09/WorkflowArchitecture.rst: QL1 undefined label :ref:`laneDefinitionClass` — emitting display text only
WARN /home/tie303177/work/nabledge/work2/.lw/nab-official/v1.4/workflow/doc/09/WorkflowArchitecture.rst: QL1 undefined label :ref:`taskDefinitionClass` — emitting display text only
WARN /home/tie303177/work/nabledge/work2/.lw/nab-official/v1.4/workflow/doc/09/WorkflowArchitecture.rst: QL1 undefined label :ref:`eventDefinitionClass` — emitting display text only
WARN /home/tie303177/work/nabledge/work2/.lw/nab-official/v1.4/workflow/doc/09/WorkflowArchitecture.rst: QL1 undefined label :ref:`gatewayDefinitionClass` — emitting display text only
WARN /home/tie303177/work/nabledge/work2/.lw/nab-official/v1.4/workflow/doc/09/WorkflowArchitecture.rst: QL1 undefined label :ref:`boundaryEventDefinitionClass` — emitting display text only
WARN /home/tie303177/work/nabledge/work2/.lw/nab-official/v1.4/workflow/doc/09/WorkflowArchitecture.rst: QL1 undefined label :ref:`sequenceFlowDefinitionClass` — emitting display text only
WARN /home/tie303177/work/nabledge/work2/.lw/nab-official/v1.4/workflow/doc/09/WorkflowArchitecture.rst: QL1 undefined label :ref:`flowNodeDefinitionClass` — emitting display text only
WARN /home/tie303177/work/nabledge/work2/.lw/nab-official/v1.4/workflow/doc/09/WorkflowArchitecture.rst: QL1 undefined label :ref:`flowNodeDefinitionClass` — emitting display text only
WARN /home/tie303177/work/nabledge/work2/.lw/nab-official/v1.4/workflow/doc/09/WorkflowArchitecture.rst: QL1 undefined label :ref:`flowNodeDefinitionClass` — emitting display text only
WARN /home/tie303177/work/nabledge/work2/.lw/nab-official/v1.4/workflow/doc/09/WorkflowArchitecture.rst: QL1 undefined label :ref:`flowNodeDefinitionClass` — emitting display text only
WARN /home/tie303177/work/nabledge/work2/.lw/nab-official/v1.4/workflow/doc/09/WorkflowArchitecture.rst: QL1 undefined label :ref:`WorkflowInstanceSchema` — emitting display text only
WARN /home/tie303177/work/nabledge/work2/.lw/nab-official/v1.4/workflow/doc/09/WorkflowArchitecture.rst: QL1 undefined label :ref:`workflowInstance` — emitting display text only
WARN /home/tie303177/work/nabledge/work2/.lw/nab-official/v1.4/workflow/doc/09/WorkflowApplicationApi.rst: QL1 undefined label :ref:`assignGroup` — emitting display text only
WARN /home/tie303177/work/nabledge/work2/.lw/nab-official/v1.4/workflow/doc/09/WorkflowApplicationApi.rst: QL1 undefined label :ref:`definitionLoader` — emitting display text only
Created 161 knowledge files
