2026-03-04 14:12:38 - knowledge_creator - INFO - Logging to: /home/tie303177/work/nabledge/work1/tools/knowledge-creator/tools/knowledge-creator/.logs/v6/execution.log
2026-03-04 14:12:38 - knowledge_creator - INFO - 
📋Phase A: Prepare
2026-03-04 14:12:38 - knowledge_creator - INFO -    └─ Scanning documentation sources...
2026-03-04 14:12:38 - knowledge_creator - INFO - 
   📊Found 0 source files
2026-03-04 14:12:38 - knowledge_creator - INFO -       📝RST: 0
2026-03-04 14:12:38 - knowledge_creator - INFO -       📄MD: 0
2026-03-04 14:12:38 - knowledge_creator - INFO -       📊Excel: 0
2026-03-04 14:17:28 - knowledge_creator - INFO - Logging to: /home/tie303177/work/nabledge/work1/tools/knowledge-creator/tools/knowledge-creator/.logs/v6/execution.log
2026-03-04 14:17:28 - knowledge_creator - INFO - 
📋Phase A: Prepare
2026-03-04 14:17:28 - knowledge_creator - INFO -    └─ Scanning documentation sources...
2026-03-04 14:17:28 - knowledge_creator - INFO - 
   📊Found 0 source files
2026-03-04 14:17:28 - knowledge_creator - INFO -       📝RST: 0
2026-03-04 14:17:28 - knowledge_creator - INFO -       📄MD: 0
2026-03-04 14:17:28 - knowledge_creator - INFO -       📊Excel: 0
2026-03-04 17:14:05 - knowledge_creator - INFO - Logging to: /home/tie303177/work/nabledge/work1/tools/knowledge-creator/tools/knowledge-creator/.logs/v6/execution.log
2026-03-04 17:14:05 - knowledge_creator - INFO - 
📋Phase A: Prepare
2026-03-04 17:14:05 - knowledge_creator - INFO -    └─ Scanning documentation sources...
2026-03-04 17:14:05 - knowledge_creator - INFO - 
   📊Found 0 source files
2026-03-04 17:14:05 - knowledge_creator - INFO -       📝RST: 0
2026-03-04 17:14:05 - knowledge_creator - INFO -       📄MD: 0
2026-03-04 17:14:05 - knowledge_creator - INFO -       📊Excel: 0
2026-03-04 18:14:21 - knowledge_creator - INFO - Logging to: /home/tie303177/work/nabledge/work1/tools/knowledge-creator/tools/knowledge-creator/.logs/v6/execution.log
2026-03-04 18:14:21 - knowledge_creator - INFO - 
🤖Phase B: Generate
2026-03-04 18:14:21 - knowledge_creator - INFO -    └─ Converting documentation to knowledge files...
