2026-03-04 14:12:53 - knowledge_creator - INFO - Logging to: /home/tie303177/work/nabledge/work1/tools/knowledge-creator/.logs/v6/execution.log
2026-03-04 14:12:53 - knowledge_creator - INFO - 
📋Phase A: Prepare
2026-03-04 14:12:53 - knowledge_creator - INFO -    └─ Scanning documentation sources...
2026-03-04 14:12:53 - knowledge_creator - INFO - 
   📊Found 252 source files
2026-03-04 14:12:53 - knowledge_creator - INFO -       📝RST: 248
2026-03-04 14:12:53 - knowledge_creator - INFO -       📄MD: 3
2026-03-04 14:12:53 - knowledge_creator - INFO -       📊Excel: 1
2026-03-04 14:12:53 - knowledge_creator - INFO -    ✂️Split adapters-web_thymeleaf_adaptor: 154 lines → 3 parts
2026-03-04 14:12:53 - knowledge_creator - INFO -    ✂️Split adapters-mail_sender_freemarker_adaptor: 115 lines → 4 parts
2026-03-04 14:12:53 - knowledge_creator - INFO -    ✂️Split adapters-jaxrs_adaptor: 159 lines → 4 parts
2026-03-04 14:12:53 - knowledge_creator - INFO -    ✂️Split adapters-micrometer_adaptor: 1839 lines → 14 parts
2026-03-04 14:12:53 - knowledge_creator - INFO -    ✂️Split adapters-webspheremq_adaptor: 139 lines → 3 parts
2026-03-04 14:12:53 - knowledge_creator - INFO -    ✂️Split adapters-jsr310_adaptor: 65 lines → 2 parts
2026-03-04 14:12:53 - knowledge_creator - INFO -    ✂️Split adapters-log_adaptor: 78 lines → 2 parts
2026-03-04 14:12:53 - knowledge_creator - INFO -    ✂️Split adapters-doma_adaptor: 610 lines → 11 parts
2026-03-04 14:12:53 - knowledge_creator - INFO -    ✂️Split adapters-mail_sender_velocity_adaptor: 107 lines → 4 parts
2026-03-04 14:12:53 - knowledge_creator - INFO -    ✂️Split adapters-slf4j_adaptor: 49 lines → 2 parts
2026-03-04 14:12:53 - knowledge_creator - INFO -    ✂️Split adapters-router_adaptor: 443 lines → 4 parts
2026-03-04 14:12:53 - knowledge_creator - INFO -    ✂️Split adapters-mail_sender_thymeleaf_adaptor: 81 lines → 4 parts
2026-03-04 14:12:53 - knowledge_creator - INFO -    ✂️Split adapters-redisstore_lettuce_adaptor: 443 lines → 7 parts
2026-03-04 14:12:53 - knowledge_creator - INFO -    ✂️Split nablarch-batch-architecture: 437 lines → 6 parts
2026-03-04 14:12:53 - knowledge_creator - INFO -    ✂️Split nablarch-batch-feature_details: 97 lines → 10 parts
2026-03-04 14:12:53 - knowledge_creator - INFO -    ✂️Split nablarch-batch-nablarch_batch_error_process: 56 lines → 3 parts
2026-03-04 14:12:53 - knowledge_creator - INFO -    ✂️Split jakarta-batch-architecture: 348 lines → 6 parts
2026-03-04 14:12:53 - knowledge_creator - INFO -    ✂️Split jakarta-batch-application_design: 66 lines → 2 parts
2026-03-04 14:12:53 - knowledge_creator - INFO -    ✂️Split jakarta-batch-feature_details: 84 lines → 10 parts
2026-03-04 14:12:53 - knowledge_creator - INFO -    ✂️Split jakarta-batch-run_batch_application: 91 lines → 3 parts
2026-03-04 14:12:53 - knowledge_creator - INFO -    ✂️Split jakarta-batch-progress_log: 213 lines → 4 parts
2026-03-04 14:12:53 - knowledge_creator - INFO -    ✂️Split jakarta-batch-operator_notice_log: 80 lines → 3 parts
2026-03-04 14:12:53 - knowledge_creator - INFO -    ✂️Split jakarta-batch-operation_policy: 73 lines → 2 parts
2026-03-04 14:12:53 - knowledge_creator - INFO -    ✂️Split setting-guide-CustomizeSystemTableName: 69 lines → 4 parts
2026-03-04 14:12:53 - knowledge_creator - INFO -    ✂️Split setting-guide-CustomizeAvailableCharacters: 256 lines → 5 parts
2026-03-04 14:12:53 - knowledge_creator - INFO -    ✂️Split db-messaging-architecture: 214 lines → 7 parts
2026-03-04 14:12:53 - knowledge_creator - INFO -    ✂️Split db-messaging-feature_details: 61 lines → 7 parts
2026-03-04 14:12:53 - knowledge_creator - INFO -    ✂️Split db-messaging-table_queue: 280 lines → 4 parts
2026-03-04 14:12:53 - knowledge_creator - INFO -    ✂️Split db-messaging-error_processing: 50 lines → 2 parts
2026-03-04 14:12:53 - knowledge_creator - INFO -    ✂️Split mom-messaging-architecture: 390 lines → 6 parts
2026-03-04 14:12:53 - knowledge_creator - INFO -    ✂️Split mom-messaging-feature_details: 57 lines → 8 parts
2026-03-04 14:12:53 - knowledge_creator - INFO -    ✂️Split blank-project-beforeFirstStep: 152 lines → 12 parts
2026-03-04 14:12:53 - knowledge_creator - INFO -    ✂️Split blank-project-addin_gsp: 306 lines → 2 parts
2026-03-04 14:12:53 - knowledge_creator - INFO -    ✂️Split blank-project-maven: 304 lines → 4 parts
2026-03-04 14:12:53 - knowledge_creator - INFO -    ✂️Split blank-project-FirstStepContainer: 13 lines → 2 parts
2026-03-04 14:12:53 - knowledge_creator - INFO -    ✂️Split blank-project-CustomizeDB: 600 lines → 29 parts
2026-03-04 14:12:53 - knowledge_creator - INFO -    ✂️Split blank-project-setup_WebService: 297 lines → 7 parts
2026-03-04 14:12:53 - knowledge_creator - INFO -    ✂️Split blank-project-setup_NablarchBatch_Dbless: 207 lines → 5 parts
2026-03-04 14:12:53 - knowledge_creator - INFO -    ✂️Split blank-project-setup_Web: 235 lines → 7 parts
2026-03-04 14:12:53 - knowledge_creator - INFO -    ✂️Split blank-project-setup_Jbatch: 277 lines → 5 parts
2026-03-04 14:12:53 - knowledge_creator - INFO -    ✂️Split blank-project-setup_NablarchBatch: 305 lines → 7 parts
2026-03-04 14:12:53 - knowledge_creator - INFO -    ✂️Split blank-project-setup_Java21: 38 lines → 4 parts
2026-03-04 14:12:53 - knowledge_creator - INFO -    ✂️Split blank-project-setup_ContainerBatch: 268 lines → 8 parts
2026-03-04 14:12:53 - knowledge_creator - INFO -    ✂️Split blank-project-setup_ContainerWeb: 245 lines → 8 parts
2026-03-04 14:12:53 - knowledge_creator - INFO -    ✂️Split blank-project-setup_ContainerBatch_Dbless: 133 lines → 6 parts
2026-03-04 14:12:53 - knowledge_creator - INFO -    ✂️Split blank-project-setup_ContainerWebService: 169 lines → 9 parts
2026-03-04 14:12:53 - knowledge_creator - INFO -    ✂️Split blank-project-firststep_complement: 96 lines → 3 parts
2026-03-04 14:12:53 - knowledge_creator - INFO -    ✂️Split libraries-mail: 677 lines → 9 parts
2026-03-04 14:12:53 - knowledge_creator - INFO -    ✂️Split libraries-service_availability: 114 lines → 4 parts
2026-03-04 14:12:53 - knowledge_creator - INFO -    ✂️Split libraries-message: 459 lines → 4 parts
2026-03-04 14:12:53 - knowledge_creator - INFO -    ✂️Split libraries-date: 157 lines → 4 parts
2026-03-04 14:12:53 - knowledge_creator - INFO -    ✂️Split libraries-log: 1486 lines → 10 parts
2026-03-04 14:12:53 - knowledge_creator - INFO -    ✂️Split libraries-stateless_web_app: 102 lines → 5 parts
2026-03-04 14:12:53 - knowledge_creator - INFO -    ✂️Split libraries-bean_util: 379 lines → 6 parts
2026-03-04 14:12:53 - knowledge_creator - INFO -    ✂️Split libraries-db_double_submit: 112 lines → 3 parts
2026-03-04 14:12:53 - knowledge_creator - INFO -    ✂️Split libraries-session_store: 457 lines → 7 parts
2026-03-04 14:12:53 - knowledge_creator - INFO -    ✂️Split libraries-exclusive_control: 405 lines → 4 parts
2026-03-04 14:12:53 - knowledge_creator - INFO -    ✂️Split libraries-format: 248 lines → 5 parts
2026-03-04 14:12:53 - knowledge_creator - INFO -    ✂️Split libraries-transaction: 235 lines → 4 parts
2026-03-04 14:12:53 - knowledge_creator - INFO -    ✂️Split libraries-static_data_cache: 164 lines → 3 parts
2026-03-04 14:12:53 - knowledge_creator - INFO -    ✂️Split libraries-file_path_management: 112 lines → 4 parts
2026-03-04 14:12:53 - knowledge_creator - INFO -    ✂️Split libraries-code: 455 lines → 3 parts
2026-03-04 14:12:53 - knowledge_creator - INFO -    ✂️Split libraries-tag: 3085 lines → 40 parts
2026-03-04 14:12:53 - knowledge_creator - INFO -    ✂️Split libraries-repository: 1125 lines → 23 parts
2026-03-04 14:12:53 - knowledge_creator - INFO -    ✂️Split libraries-data_bind: 726 lines → 16 parts
2026-03-04 14:12:53 - knowledge_creator - INFO -    ✂️Split libraries-data_format: 821 lines → 14 parts
2026-03-04 14:12:53 - knowledge_creator - INFO -    ✂️Split libraries-format_definition: 975 lines → 8 parts
2026-03-04 14:12:53 - knowledge_creator - INFO -    ✂️Split libraries-multi_format_example: 302 lines → 2 parts
2026-03-04 14:12:53 - knowledge_creator - INFO -    ✂️Split libraries-update_example: 58 lines → 4 parts
2026-03-04 14:12:53 - knowledge_creator - INFO -    ✂️Split libraries-create_example: 52 lines → 4 parts
2026-03-04 14:12:53 - knowledge_creator - INFO -    ✂️Split libraries-tag_reference: 2025 lines → 65 parts
2026-03-04 14:12:53 - knowledge_creator - INFO -    ✂️Split libraries-nablarch_validation: 794 lines → 18 parts
2026-03-04 14:12:53 - knowledge_creator - INFO -    ✂️Split libraries-bean_validation: 839 lines → 20 parts
2026-03-04 14:12:53 - knowledge_creator - INFO -    ✂️Split libraries-http_system_messaging: 330 lines → 5 parts
2026-03-04 14:12:53 - knowledge_creator - INFO -    ✂️Split libraries-mom_system_messaging: 947 lines → 9 parts
2026-03-04 14:12:53 - knowledge_creator - INFO -    ✂️Split libraries-universal_dao: 809 lines → 6 parts
2026-03-04 14:12:53 - knowledge_creator - INFO -    ✂️Split libraries-database: 1359 lines → 26 parts
2026-03-04 14:12:53 - knowledge_creator - INFO -    ✂️Split libraries-generator: 135 lines → 4 parts
2026-03-04 14:12:53 - knowledge_creator - INFO -    ✂️Split libraries-failure_log: 679 lines → 8 parts
2026-03-04 14:12:53 - knowledge_creator - INFO -    ✂️Split libraries-sql_log: 453 lines → 2 parts
2026-03-04 14:12:53 - knowledge_creator - INFO -    ✂️Split libraries-messaging_log: 374 lines → 2 parts
2026-03-04 14:12:53 - knowledge_creator - INFO -    ✂️Split libraries-jaxrs_access_log: 373 lines → 2 parts
2026-03-04 14:12:53 - knowledge_creator - INFO -    ✂️Split libraries-performance_log: 227 lines → 2 parts
2026-03-04 14:12:53 - knowledge_creator - INFO -    ✂️Split libraries-http_access_log: 452 lines → 2 parts
2026-03-04 14:12:53 - knowledge_creator - INFO -    ✂️Split libraries-permission_check: 258 lines → 4 parts
2026-03-04 14:12:53 - knowledge_creator - INFO -    ✂️Split libraries-role_check: 380 lines → 5 parts
2026-03-04 14:12:53 - knowledge_creator - INFO -    ✂️Split web-application-architecture: 175 lines → 3 parts
2026-03-04 14:12:53 - knowledge_creator - INFO -    ✂️Split web-application-feature_details: 180 lines → 21 parts
2026-03-04 14:12:53 - knowledge_creator - INFO -    ✂️Split web-application-nablarch_servlet_context_listener: 104 lines → 3 parts
2026-03-04 14:12:53 - knowledge_creator - INFO -    ✂️Split web-application-web_front_controller: 158 lines → 3 parts
2026-03-04 14:12:53 - knowledge_creator - INFO -    ✂️Split web-application-forward_error_page: 73 lines → 2 parts
2026-03-04 14:12:53 - knowledge_creator - INFO -    ✂️Split handlers-jaxrs_response_handler: 223 lines → 6 parts
2026-03-04 14:12:53 - knowledge_creator - INFO -    ✂️Split handlers-body_convert_handler: 113 lines → 6 parts
2026-03-04 14:12:53 - knowledge_creator - INFO -    ✂️Split handlers-jaxrs_bean_validation_handler: 106 lines → 5 parts
2026-03-04 14:12:53 - knowledge_creator - INFO -    ✂️Split handlers-cors_preflight_request_handler: 127 lines → 4 parts
2026-03-04 14:12:53 - knowledge_creator - INFO -    ✂️Split handlers-jaxrs_access_log_handler: 49 lines → 4 parts
2026-03-04 14:12:53 - knowledge_creator - INFO -    ✂️Split handlers-dbless_loop_handler: 36 lines → 3 parts
2026-03-04 14:12:53 - knowledge_creator - INFO -    ✂️Split handlers-loop_handler: 163 lines → 6 parts
2026-03-04 14:12:53 - knowledge_creator - INFO -    ✂️Split handlers-process_resident_handler: 120 lines → 6 parts
2026-03-04 14:12:53 - knowledge_creator - INFO -    ✂️Split handlers-retry_handler: 80 lines → 4 parts
2026-03-04 14:12:53 - knowledge_creator - INFO -    ✂️Split handlers-duplicate_process_check_handler: 100 lines → 5 parts
2026-03-04 14:12:53 - knowledge_creator - INFO -    ✂️Split handlers-request_thread_loop_handler: 130 lines → 6 parts
2026-03-04 14:12:53 - knowledge_creator - INFO -    ✂️Split handlers-process_stop_handler: 97 lines → 4 parts
2026-03-04 14:12:53 - knowledge_creator - INFO -    ✂️Split handlers-data_read_handler: 60 lines → 4 parts
2026-03-04 14:12:53 - knowledge_creator - INFO -    ✂️Split handlers-multi_thread_execution_handler: 159 lines → 7 parts
2026-03-04 14:12:53 - knowledge_creator - INFO -    ✂️Split handlers-status_code_convert_handler: 62 lines → 4 parts
2026-03-04 14:12:53 - knowledge_creator - INFO -    ✂️Split handlers-main: 145 lines → 5 parts
2026-03-04 14:12:53 - knowledge_creator - INFO -    ✂️Split handlers-http_messaging_error_handler: 87 lines → 5 parts
2026-03-04 14:12:53 - knowledge_creator - INFO -    ✂️Split handlers-http_messaging_request_parsing_handler: 182 lines → 5 parts
2026-03-04 14:12:53 - knowledge_creator - INFO -    ✂️Split handlers-http_messaging_response_building_handler: 88 lines → 5 parts
2026-03-04 14:12:53 - knowledge_creator - INFO -    ✂️Split handlers-database_connection_management_handler: 120 lines → 5 parts
2026-03-04 14:12:53 - knowledge_creator - INFO -    ✂️Split handlers-global_error_handler: 142 lines → 5 parts
2026-03-04 14:12:53 - knowledge_creator - INFO -    ✂️Split handlers-thread_context_handler: 346 lines → 7 parts
2026-03-04 14:12:53 - knowledge_creator - INFO -    ✂️Split handlers-thread_context_clear_handler: 43 lines → 4 parts
2026-03-04 14:12:53 - knowledge_creator - INFO -    ✂️Split handlers-request_path_java_package_mapping: 173 lines → 8 parts
2026-03-04 14:12:53 - knowledge_creator - INFO -    ✂️Split handlers-permission_check_handler: 90 lines → 6 parts
2026-03-04 14:12:53 - knowledge_creator - INFO -    ✂️Split handlers-request_handler_entry: 145 lines → 5 parts
2026-03-04 14:12:53 - knowledge_creator - INFO -    ✂️Split handlers-ServiceAvailabilityCheckHandler: 64 lines → 4 parts
2026-03-04 14:12:53 - knowledge_creator - INFO -    ✂️Split handlers-transaction_management_handler: 233 lines → 7 parts
2026-03-04 14:12:53 - knowledge_creator - INFO -    ✂️Split handlers-file_record_writer_dispose_handler: 45 lines → 4 parts
2026-03-04 14:12:53 - knowledge_creator - INFO -    ✂️Split handlers-http_request_java_package_mapping: 117 lines → 5 parts
2026-03-04 14:12:53 - knowledge_creator - INFO -    ✂️Split handlers-multipart_handler: 224 lines → 10 parts
2026-03-04 14:12:53 - knowledge_creator - INFO -    ✂️Split handlers-nablarch_tag_handler: 82 lines → 4 parts
2026-03-04 14:12:53 - knowledge_creator - INFO -    ✂️Split handlers-http_character_encoding_handler: 114 lines → 6 parts
2026-03-04 14:12:53 - knowledge_creator - INFO -    ✂️Split handlers-SessionStoreHandler: 246 lines → 9 parts
2026-03-04 14:12:53 - knowledge_creator - INFO -    ✂️Split handlers-HttpErrorHandler: 139 lines → 5 parts
2026-03-04 14:12:53 - knowledge_creator - INFO -    ✂️Split handlers-csrf_token_verification_handler: 188 lines → 5 parts
2026-03-04 14:12:53 - knowledge_creator - INFO -    ✂️Split handlers-normalize_handler: 100 lines → 5 parts
2026-03-04 14:12:53 - knowledge_creator - INFO -    ✂️Split handlers-secure_handler: 249 lines → 6 parts
2026-03-04 14:12:53 - knowledge_creator - INFO -    ✂️Split handlers-hot_deploy_handler: 72 lines → 4 parts
2026-03-04 14:12:53 - knowledge_creator - INFO -    ✂️Split handlers-session_concurrent_access_handler: 43 lines → 3 parts
2026-03-04 14:12:53 - knowledge_creator - INFO -    ✂️Split handlers-http_response_handler: 239 lines → 8 parts
2026-03-04 14:12:53 - knowledge_creator - INFO -    ✂️Split handlers-resource_mapping: 101 lines → 4 parts
2026-03-04 14:12:53 - knowledge_creator - INFO -    ✂️Split handlers-keitai_access_handler: 84 lines → 5 parts
2026-03-04 14:12:53 - knowledge_creator - INFO -    ✂️Split handlers-forwarding_handler: 98 lines → 6 parts
2026-03-04 14:12:53 - knowledge_creator - INFO -    ✂️Split handlers-http_rewrite_handler: 184 lines → 5 parts
2026-03-04 14:12:53 - knowledge_creator - INFO -    ✂️Split handlers-post_resubmit_prevent_handler: 99 lines → 5 parts
2026-03-04 14:12:53 - knowledge_creator - INFO -    ✂️Split handlers-health_check_endpoint_handler: 297 lines → 6 parts
2026-03-04 14:12:53 - knowledge_creator - INFO -    ✂️Split handlers-http_access_log_handler: 49 lines → 4 parts
2026-03-04 14:12:53 - knowledge_creator - INFO -    ✂️Split handlers-InjectForm: 107 lines → 5 parts
2026-03-04 14:12:53 - knowledge_creator - INFO -    ✂️Split handlers-use_token: 57 lines → 3 parts
2026-03-04 14:12:53 - knowledge_creator - INFO -    ✂️Split handlers-on_error: 118 lines → 5 parts
2026-03-04 14:12:53 - knowledge_creator - INFO -    ✂️Split handlers-on_errors: 56 lines → 3 parts
2026-03-04 14:12:53 - knowledge_creator - INFO -    ✂️Split handlers-on_double_submission: 80 lines → 5 parts
2026-03-04 14:12:53 - knowledge_creator - INFO -    ✂️Split handlers-messaging_context_handler: 60 lines → 4 parts
2026-03-04 14:12:53 - knowledge_creator - INFO -    ✂️Split handlers-message_reply_handler: 67 lines → 4 parts
2026-03-04 14:12:53 - knowledge_creator - INFO -    ✂️Split handlers-message_resend_handler: 145 lines → 6 parts
2026-03-04 14:12:53 - knowledge_creator - INFO -    ✂️Split about-nablarch-policy: 161 lines → 12 parts
2026-03-04 14:12:53 - knowledge_creator - INFO -    ✂️Split about-nablarch-architecture: 99 lines → 3 parts
2026-03-04 14:12:53 - knowledge_creator - INFO -    ✂️Split about-nablarch-platform: 75 lines → 2 parts
2026-03-04 14:12:53 - knowledge_creator - INFO -    ✂️Split restful-web-service-architecture: 188 lines → 3 parts
2026-03-04 14:12:53 - knowledge_creator - INFO -    ✂️Split restful-web-service-feature_details: 99 lines → 15 parts
2026-03-04 14:12:53 - knowledge_creator - INFO -    ✂️Split restful-web-service-resource_signature: 242 lines → 4 parts
2026-03-04 14:12:53 - knowledge_creator - INFO -    ✂️Split http-messaging-architecture: 156 lines → 5 parts
2026-03-04 14:12:53 - knowledge_creator - INFO -    ✂️Split http-messaging-feature_details: 63 lines → 9 parts
2026-03-04 14:12:53 - knowledge_creator - INFO -    ✂️Split about-nablarch-versionup_policy: 202 lines → 4 parts
2026-03-04 14:12:53 - knowledge_creator - INFO -    ✂️Split about-nablarch-concept: 31 lines → 6 parts
2026-03-04 14:12:53 - knowledge_creator - INFO -    ✂️Split about-nablarch-0101_PBKDF2PasswordEncryptor: 178 lines → 10 parts
2026-03-04 14:12:53 - knowledge_creator - INFO -    ✂️Split about-nablarch-OnlineAccessLogStatistics: 358 lines → 9 parts
2026-03-04 14:12:53 - knowledge_creator - INFO -    ✂️Split about-nablarch-0402_ExtendedFieldType: 118 lines → 6 parts
2026-03-04 14:12:53 - knowledge_creator - INFO -    ✂️Split about-nablarch-0401_ExtendedDataFormatter: 207 lines → 11 parts
2026-03-04 14:12:53 - knowledge_creator - INFO -    ✂️Split toolbox-SqlExecutor: 524 lines → 5 parts
2026-03-04 14:12:53 - knowledge_creator - WARNING -     WARNING: 'OpenAPIドキュメントと生成されるソースコードの例' has 662 lines but no h3 subsections
2026-03-04 14:12:53 - knowledge_creator - INFO -    ✂️Split toolbox-NablarchOpenApiGenerator: 1224 lines → 7 parts
2026-03-04 14:12:53 - knowledge_creator - INFO -    ✂️Split toolbox-02_JspStaticAnalysisInstall: 141 lines → 3 parts
2026-03-04 14:12:53 - knowledge_creator - INFO -    ✂️Split toolbox-01_JspStaticAnalysis: 444 lines → 4 parts
2026-03-04 14:12:53 - knowledge_creator - INFO -    ✂️Split testing-framework-fileupload: 112 lines → 4 parts
2026-03-04 14:12:53 - knowledge_creator - INFO -    ✂️Split testing-framework-double_transmission: 39 lines → 4 parts
2026-03-04 14:12:53 - knowledge_creator - INFO -    ✂️Split testing-framework-delayed_receive: 56 lines → 7 parts
2026-03-04 14:12:53 - knowledge_creator - INFO -    ✂️Split testing-framework-http_send_sync: 164 lines → 5 parts
2026-03-04 14:12:53 - knowledge_creator - INFO -    ✂️Split testing-framework-http_real: 177 lines → 6 parts
2026-03-04 14:12:53 - knowledge_creator - INFO -    ✂️Split testing-framework-delayed_send: 118 lines → 8 parts
2026-03-04 14:12:53 - knowledge_creator - INFO -    ✂️Split testing-framework-rest: 118 lines → 3 parts
2026-03-04 14:12:53 - knowledge_creator - INFO -    ✂️Split testing-framework-batch: 619 lines → 20 parts
2026-03-04 14:12:53 - knowledge_creator - INFO -    ✂️Split testing-framework-send_sync: 296 lines → 8 parts
2026-03-04 14:12:53 - knowledge_creator - INFO -    ✂️Split testing-framework-real: 320 lines → 18 parts
2026-03-04 14:12:53 - knowledge_creator - INFO -    ✂️Split testing-framework-http_send_sync: 69 lines → 2 parts
2026-03-04 14:12:53 - knowledge_creator - INFO -    ✂️Split testing-framework-rest: 95 lines → 2 parts
2026-03-04 14:12:53 - knowledge_creator - INFO -    ✂️Split testing-framework-batch: 183 lines → 2 parts
2026-03-04 14:12:53 - knowledge_creator - INFO -    ✂️Split testing-framework-send_sync: 383 lines → 2 parts
2026-03-04 14:12:53 - knowledge_creator - INFO -    ✂️Split testing-framework-02_componentUnitTest: 355 lines → 7 parts
2026-03-04 14:12:53 - knowledge_creator - INFO -    ✂️Split testing-framework-01_entityUnitTestWithBeanValidation: 770 lines → 11 parts
2026-03-04 14:12:53 - knowledge_creator - INFO -    ✂️Split testing-framework-02_entityUnitTestWithNablarchValidation: 763 lines → 12 parts
2026-03-04 14:12:53 - knowledge_creator - INFO -    ✂️Split testing-framework-02_ConfigMasterDataSetupTool: 122 lines → 3 parts
2026-03-04 14:12:53 - knowledge_creator - INFO -    ✂️Split testing-framework-01_MasterDataSetupTool: 71 lines → 3 parts
2026-03-04 14:12:53 - knowledge_creator - INFO -    ✂️Split testing-framework-02_SetUpHttpDumpTool: 111 lines → 4 parts
2026-03-04 14:12:53 - knowledge_creator - INFO -    ✂️Split testing-framework-01_HttpDumpTool: 93 lines → 6 parts
2026-03-04 14:12:53 - knowledge_creator - INFO -    ✂️Split testing-framework-02_DbAccessTest: 554 lines → 18 parts
2026-03-04 14:12:53 - knowledge_creator - INFO -    ✂️Split testing-framework-RequestUnitTest_real: 197 lines → 9 parts
2026-03-04 14:12:53 - knowledge_creator - INFO -    ✂️Split testing-framework-RequestUnitTest_send_sync: 156 lines → 7 parts
2026-03-04 14:12:53 - knowledge_creator - INFO -    ✂️Split testing-framework-04_MasterDataRestore: 215 lines → 4 parts
2026-03-04 14:12:53 - knowledge_creator - INFO -    ✂️Split testing-framework-RequestUnitTest_rest: 361 lines → 4 parts
2026-03-04 14:12:53 - knowledge_creator - INFO -    ✂️Split testing-framework-01_Abstract: 739 lines → 12 parts
2026-03-04 14:12:53 - knowledge_creator - INFO -    ✂️Split testing-framework-02_RequestUnitTest: 552 lines → 9 parts
2026-03-04 14:12:53 - knowledge_creator - INFO -    ✂️Split testing-framework-JUnit5_Extension: 455 lines → 14 parts
2026-03-04 14:12:53 - knowledge_creator - INFO -    ✂️Split testing-framework-RequestUnitTest_batch: 262 lines → 10 parts
2026-03-04 14:12:53 - knowledge_creator - INFO -    ✂️Split testing-framework-03_Tips: 831 lines → 33 parts
2026-03-04 14:12:53 - knowledge_creator - INFO - 
   ✂️Split 196 large files into 1336 total entries
2026-03-04 14:12:53 - knowledge_creator - INFO - 
   🧪Test mode (test-files-top3.json): Filtered 1392 files → 119 test files
2026-03-04 14:12:53 - knowledge_creator - INFO - 
   📑Classified 119 files
2026-03-04 14:12:53 - knowledge_creator - INFO -       🔄processing-pattern: 0
2026-03-04 14:12:53 - knowledge_creator - INFO -       🧩component: 119
2026-03-04 14:12:53 - knowledge_creator - INFO -          📚libraries: 105
2026-03-04 14:12:53 - knowledge_creator - INFO -          🔌adapters: 14
2026-03-04 14:12:53 - knowledge_creator - INFO -       🛠️development-tools: 0
2026-03-04 14:12:53 - knowledge_creator - INFO -       ⚙️setup: 0
2026-03-04 14:12:53 - knowledge_creator - INFO -       ℹ️about: 0
2026-03-04 14:12:53 - knowledge_creator - INFO -       📖guide: 0
2026-03-04 14:12:53 - knowledge_creator - INFO -       ✓check: 0
2026-03-04 14:12:53 - knowledge_creator - INFO - 
🔄Round 1/1
2026-03-04 14:12:53 - knowledge_creator - INFO - 
============================================================
2026-03-04 14:12:53 - knowledge_creator - INFO - ✨Completed version 6
2026-03-04 14:12:53 - knowledge_creator - INFO - ============================================================

