WARN /home/tie303177/work/nabledge/work2/.lw/nab-official/v1.2/document/FAQ/index.rst: QL1 undefined label :ref:`search` — emitting display text only
WARN /home/tie303177/work/nabledge/work2/.lw/nab-official/v1.2/document/guide/04_Explanation/CustomTag/function.rst: QL1 undefined document :doc:`../../../../fw/reference/common_library/file_upload_utility` — emitting display text only
WARN /home/tie303177/work/nabledge/work2/.lw/nab-official/v1.2/document/tool/03_ConfigGenerator/ConfigGenerator.rst: level=2 line=12 /home/tie303177/work/nabledge/work2/.lw/nab-official/v1.2/document/tool/03_ConfigGenerator/ConfigGenerator.rst:12: (WARN
WARN /home/tie303177/work/nabledge/work2/.lw/nab-official/v1.2/document/fw/architectural_pattern/batch_resident.rst: QL1 undefined label :ref:`retry-limit` — emitting display text only
WARN /home/tie303177/work/nabledge/work2/.lw/nab-official/v1.2/document/fw/core_library/validation_basic_validators.rst: QL1 undefined label :ref:`permit-null-value` — emitting display text only
WARN /home/tie303177/work/nabledge/work2/.lw/nab-official/v1.2/document/fw/core_library/validation_basic_validators.rst: QL1 undefined label :ref:`permit-null-value` — emitting display text only
WARN /home/tie303177/work/nabledge/work2/.lw/nab-official/v1.2/document/fw/core_library/validation_basic_validators.rst: QL1 undefined label :ref:`permit-null-value` — emitting display text only
WARN /home/tie303177/work/nabledge/work2/.lw/nab-official/v1.2/document/fw/02_FunctionDemandSpecifications/01_Core/06_SystemTimeProvider.rst: QL1 undefined label :ref:`Threadcontexthandler` — emitting display text only
WARN /home/tie303177/work/nabledge/work2/.lw/nab-official/v1.2/document/fw/02_FunctionDemandSpecifications/03_Common/07/07_DisplayTag.rst: QL1 undefined label :ref:`WebView_CodeRadiobuttonsTag` — emitting display text only
WARN /home/tie303177/work/nabledge/work2/.lw/nab-official/v1.2/document/fw/02_FunctionDemandSpecifications/03_Common/07/07_FacilitateTag.rst: QL1 undefined label :ref:`variable_order_by_syntax_convertor-label` — emitting display text only
WARN /home/tie303177/work/nabledge/work2/.lw/nab-official/v1.2/document/fw/02_FunctionDemandSpecifications/03_Common/07/07_BasicRules.rst: /home/tie303177/work/nabledge/work2/.lw/nab-official/v1.2/document/fw/02_FunctionDemandSpecifications/03_Common/07/07_BasicRules.rst:6: (ERROR/3) Unknown target name: "nablarch".
WARN /home/tie303177/work/nabledge/work2/.lw/nab-official/v1.2/document/fw/02_FunctionDemandSpecifications/03_Common/07/07_BasicRules.rst: /home/tie303177/work/nabledge/work2/.lw/nab-official/v1.2/document/fw/02_FunctionDemandSpecifications/03_Common/07/07_BasicRules.rst:6: (ERROR/3) Unknown target name: "nablarch".
WARN /home/tie303177/work/nabledge/work2/.lw/nab-official/v1.2/document/fw/02_FunctionDemandSpecifications/03_Common/07/07_BasicRules.rst: QL1 undefined label :ref:`Webview_WriteTag` — emitting display text only
WARN /home/tie303177/work/nabledge/work2/.lw/nab-official/v1.2/document/fw/02_FunctionDemandSpecifications/01_Core/04/04_Connection.rst: QL1 undefined label :ref:`BasicDbConnectionFactoryForDataSource-class-label` — emitting display text only
WARN /home/tie303177/work/nabledge/work2/.lw/nab-official/v1.2/document/fw/02_FunctionDemandSpecifications/01_Core/04/04_Connection.rst: QL1 undefined label :ref:`BasicDbConnectionFactoryForJndi-class-label` — emitting display text only
WARN /home/tie303177/work/nabledge/work2/.lw/nab-official/v1.2/document/fw/02_FunctionDemandSpecifications/01_Core/04/04_ObjectSave.rst: QL1 undefined label :ref:`variable_condition_syntax_convertor-label` — emitting display text only
WARN /home/tie303177/work/nabledge/work2/.lw/nab-official/v1.2/document/fw/02_FunctionDemandSpecifications/01_Core/04/04_ObjectSave.rst: QL1 undefined label :ref:`variable_in_syntax_convertor-label` — emitting display text only
WARN /home/tie303177/work/nabledge/work2/.lw/nab-official/v1.2/document/fw/02_FunctionDemandSpecifications/01_Core/04/04_ObjectSave.rst: QL1 undefined label :ref:`variable_order_by_syntax_convertor-label` — emitting display text only
WARN /home/tie303177/work/nabledge/work2/.lw/nab-official/v1.2/document/fw/02_FunctionDemandSpecifications/01_Core/04/04_ObjectSave.rst: QL1 undefined label :ref:`basic-sql-parameter-parser-label` — emitting display text only
All files verified OK
