WARN /home/tie303177/work/nabledge/work2/.lw/nab-official/v1.3/document/FAQ/index.rst: QL1 undefined label :ref:`search` — emitting display text only
WARN /home/tie303177/work/nabledge/work2/.lw/nab-official/v1.3/document/tool/03_ConfigGenerator/ConfigGenerator.rst: level=2 line=12 /home/tie303177/work/nabledge/work2/.lw/nab-official/v1.3/document/tool/03_ConfigGenerator/ConfigGenerator.rst:12: (WARN
FAIL .lw/nab-official/v1.3/document/fw/handler/ForwardingHandler.rst: [QL1] asset missing: assets/handlers-ForwardingHandler/handler_structure_bg.png → knowledge/assets/handlers-ForwardingHandler/handler_structure_bg.png not on disk
FAIL .lw/nab-official/v1.3/document/fw/handler/ForwardingHandler.rst: [QL1] asset missing: assets/handlers-ForwardingHandler/handler_bg.png → knowledge/assets/handlers-ForwardingHandler/handler_bg.png not on disk
FAIL .lw/nab-official/v1.3/document/fw/handler/ProcessStopHandler.rst: [QL1] asset missing: assets/handlers-ProcessStopHandler/handler_structure_bg.png → knowledge/assets/handlers-ProcessStopHandler/handler_structure_bg.png not on disk
FAIL .lw/nab-official/v1.3/document/fw/handler/ProcessStopHandler.rst: [QL1] asset missing: assets/handlers-ProcessStopHandler/handler_bg.png → knowledge/assets/handlers-ProcessStopHandler/handler_bg.png not on disk
FAIL .lw/nab-official/v1.3/document/fw/handler/MessagingAction.rst: [QL1] asset missing: assets/handlers-MessagingAction/handler_structure_bg.png → knowledge/assets/handlers-MessagingAction/handler_structure_bg.png not on disk
FAIL .lw/nab-official/v1.3/document/fw/handler/MessagingAction.rst: [QL1] asset missing: assets/handlers-MessagingAction/handler_bg.png → knowledge/assets/handlers-MessagingAction/handler_bg.png not on disk
FAIL .lw/nab-official/v1.3/document/fw/handler/ThreadContextHandler.rst: [QL1] asset missing: assets/handlers-ThreadContextHandler/handler_structure_bg.png → knowledge/assets/handlers-ThreadContextHandler/handler_structure_bg.png not on disk
FAIL .lw/nab-official/v1.3/document/fw/handler/ThreadContextHandler.rst: [QL1] asset missing: assets/handlers-ThreadContextHandler/handler_bg.png → knowledge/assets/handlers-ThreadContextHandler/handler_bg.png not on disk
FAIL .lw/nab-official/v1.3/document/fw/handler/HttpResponseHandler.rst: [QL1] asset missing: assets/handlers-HttpResponseHandler/handler_structure_bg.png → knowledge/assets/handlers-HttpResponseHandler/handler_structure_bg.png not on disk
FAIL .lw/nab-official/v1.3/document/fw/handler/HttpResponseHandler.rst: [QL1] asset missing: assets/handlers-HttpResponseHandler/handler_bg.png → knowledge/assets/handlers-HttpResponseHandler/handler_bg.png not on disk
FAIL .lw/nab-official/v1.3/document/fw/handler/RequestHandlerEntry.rst: [QL1] asset missing: assets/handlers-RequestHandlerEntry/handler_structure_bg.png → knowledge/assets/handlers-RequestHandlerEntry/handler_structure_bg.png not on disk
FAIL .lw/nab-official/v1.3/document/fw/handler/RequestHandlerEntry.rst: [QL1] asset missing: assets/handlers-RequestHandlerEntry/handler_bg.png → knowledge/assets/handlers-RequestHandlerEntry/handler_bg.png not on disk
FAIL .lw/nab-official/v1.3/document/fw/handler/FileBatchAction.rst: [QL1] asset missing: assets/handlers-FileBatchAction/handler_structure_bg.png → knowledge/assets/handlers-FileBatchAction/handler_structure_bg.png not on disk
FAIL .lw/nab-official/v1.3/document/fw/handler/FileBatchAction.rst: [QL1] asset missing: assets/handlers-FileBatchAction/handler_bg.png → knowledge/assets/handlers-FileBatchAction/handler_bg.png not on disk
FAIL .lw/nab-official/v1.3/document/fw/handler/LoopHandler.rst: [QL1] asset missing: assets/handlers-LoopHandler/handler_structure_bg.png → knowledge/assets/handlers-LoopHandler/handler_structure_bg.png not on disk
FAIL .lw/nab-official/v1.3/document/fw/handler/LoopHandler.rst: [QL1] asset missing: assets/handlers-LoopHandler/handler_bg.png → knowledge/assets/handlers-LoopHandler/handler_bg.png not on disk
FAIL .lw/nab-official/v1.3/document/fw/handler/KeitaiAccessHandler.rst: [QL1] asset missing: assets/handlers-KeitaiAccessHandler/handler_structure_bg.png → knowledge/assets/handlers-KeitaiAccessHandler/handler_structure_bg.png not on disk
FAIL .lw/nab-official/v1.3/document/fw/handler/KeitaiAccessHandler.rst: [QL1] asset missing: assets/handlers-KeitaiAccessHandler/handler_bg.png → knowledge/assets/handlers-KeitaiAccessHandler/handler_bg.png not on disk
FAIL .lw/nab-official/v1.3/document/fw/handler/ResourceMapping.rst: [QL1] asset missing: assets/handlers-ResourceMapping/handler_structure_bg.png → knowledge/assets/handlers-ResourceMapping/handler_structure_bg.png not on disk
FAIL .lw/nab-official/v1.3/document/fw/handler/ResourceMapping.rst: [QL1] asset missing: assets/handlers-ResourceMapping/handler_bg.png → knowledge/assets/handlers-ResourceMapping/handler_bg.png not on disk
FAIL .lw/nab-official/v1.3/document/fw/handler/HttpRequestJavaPackageMapping.rst: [QL1] asset missing: assets/handlers-HttpRequestJavaPackageMapping/handler_structure_bg.png → knowledge/assets/handlers-HttpRequestJavaPackageMapping/handler_structure_bg.png not on disk
FAIL .lw/nab-official/v1.3/document/fw/handler/HttpRequestJavaPackageMapping.rst: [QL1] asset missing: assets/handlers-HttpRequestJavaPackageMapping/handler_bg.png → knowledge/assets/handlers-HttpRequestJavaPackageMapping/handler_bg.png not on disk
FAIL .lw/nab-official/v1.3/document/fw/handler/AsyncMessageReceiveAction.rst: [QL1] asset missing: assets/handlers-AsyncMessageReceiveAction/handler_structure_bg.png → knowledge/assets/handlers-AsyncMessageReceiveAction/handler_structure_bg.png not on disk
FAIL .lw/nab-official/v1.3/document/fw/handler/AsyncMessageReceiveAction.rst: [QL1] asset missing: assets/handlers-AsyncMessageReceiveAction/handler_bg.png → knowledge/assets/handlers-AsyncMessageReceiveAction/handler_bg.png not on disk
FAIL .lw/nab-official/v1.3/document/fw/handler/MessagingContextHandler.rst: [QL1] asset missing: assets/handlers-MessagingContextHandler/handler_structure_bg.png → knowledge/assets/handlers-MessagingContextHandler/handler_structure_bg.png not on disk
FAIL .lw/nab-official/v1.3/document/fw/handler/MessagingContextHandler.rst: [QL1] asset missing: assets/handlers-MessagingContextHandler/handler_bg.png → knowledge/assets/handlers-MessagingContextHandler/handler_bg.png not on disk
FAIL .lw/nab-official/v1.3/document/fw/handler/MultiThreadExecutionHandler.rst: [QL1] asset missing: assets/handlers-MultiThreadExecutionHandler/handler_structure_bg.png → knowledge/assets/handlers-MultiThreadExecutionHandler/handler_structure_bg.png not on disk
FAIL .lw/nab-official/v1.3/document/fw/handler/MultiThreadExecutionHandler.rst: [QL1] asset missing: assets/handlers-MultiThreadExecutionHandler/handler_bg.png → knowledge/assets/handlers-MultiThreadExecutionHandler/handler_bg.png not on disk
FAIL .lw/nab-official/v1.3/document/fw/handler/Main.rst: [QL1] asset missing: assets/handlers-Main/handler_structure_bg.png → knowledge/assets/handlers-Main/handler_structure_bg.png not on disk
FAIL .lw/nab-official/v1.3/document/fw/handler/Main.rst: [QL1] asset missing: assets/handlers-Main/handler_bg.png → knowledge/assets/handlers-Main/handler_bg.png not on disk
FAIL .lw/nab-official/v1.3/document/fw/handler/AsyncMessageSendAction.rst: [QL1] asset missing: assets/handlers-AsyncMessageSendAction/handler_structure_bg.png → knowledge/assets/handlers-AsyncMessageSendAction/handler_structure_bg.png not on disk
FAIL .lw/nab-official/v1.3/document/fw/handler/AsyncMessageSendAction.rst: [QL1] asset missing: assets/handlers-AsyncMessageSendAction/handler_bg.png → knowledge/assets/handlers-AsyncMessageSendAction/handler_bg.png not on disk
FAIL .lw/nab-official/v1.3/document/fw/handler/SessionConcurrentAccessHandler.rst: [QL1] asset missing: assets/handlers-SessionConcurrentAccessHandler/handler_structure_bg.png → knowledge/assets/handlers-SessionConcurrentAccessHandler/handler_structure_bg.png not on disk
FAIL .lw/nab-official/v1.3/document/fw/handler/SessionConcurrentAccessHandler.rst: [QL1] asset missing: assets/handlers-SessionConcurrentAccessHandler/handler_bg.png → knowledge/assets/handlers-SessionConcurrentAccessHandler/handler_bg.png not on disk
FAIL .lw/nab-official/v1.3/document/fw/handler/BatchAction.rst: [QL1] asset missing: assets/handlers-BatchAction/handler_structure_bg.png → knowledge/assets/handlers-BatchAction/handler_structure_bg.png not on disk
FAIL .lw/nab-official/v1.3/document/fw/handler/BatchAction.rst: [QL1] asset missing: assets/handlers-BatchAction/handler_bg.png → knowledge/assets/handlers-BatchAction/handler_bg.png not on disk
FAIL .lw/nab-official/v1.3/document/fw/handler/HttpErrorHandler.rst: [QL1] asset missing: assets/handlers-HttpErrorHandler/handler_structure_bg.png → knowledge/assets/handlers-HttpErrorHandler/handler_structure_bg.png not on disk
FAIL .lw/nab-official/v1.3/document/fw/handler/HttpErrorHandler.rst: [QL1] asset missing: assets/handlers-HttpErrorHandler/handler_bg.png → knowledge/assets/handlers-HttpErrorHandler/handler_bg.png not on disk
FAIL .lw/nab-official/v1.3/document/fw/handler/NablarchTagHandler.rst: [QL1] asset missing: assets/handlers-NablarchTagHandler/handler_structure_bg.png → knowledge/assets/handlers-NablarchTagHandler/handler_structure_bg.png not on disk
FAIL .lw/nab-official/v1.3/document/fw/handler/NablarchTagHandler.rst: [QL1] asset missing: assets/handlers-NablarchTagHandler/handler_bg.png → knowledge/assets/handlers-NablarchTagHandler/handler_bg.png not on disk
FAIL .lw/nab-official/v1.3/document/fw/handler/HttpCharacterEncodingHandler.rst: [QL1] asset missing: assets/handlers-HttpCharacterEncodingHandler/handler_structure_bg.png → knowledge/assets/handlers-HttpCharacterEncodingHandler/handler_structure_bg.png not on disk
FAIL .lw/nab-official/v1.3/document/fw/handler/HttpCharacterEncodingHandler.rst: [QL1] asset missing: assets/handlers-HttpCharacterEncodingHandler/handler_bg.png → knowledge/assets/handlers-HttpCharacterEncodingHandler/handler_bg.png not on disk
FAIL .lw/nab-official/v1.3/document/fw/handler/NoInputDataBatchAction.rst: [QL1] asset missing: assets/handlers-NoInputDataBatchAction/handler_structure_bg.png → knowledge/assets/handlers-NoInputDataBatchAction/handler_structure_bg.png not on disk
FAIL .lw/nab-official/v1.3/document/fw/handler/NoInputDataBatchAction.rst: [QL1] asset missing: assets/handlers-NoInputDataBatchAction/handler_bg.png → knowledge/assets/handlers-NoInputDataBatchAction/handler_bg.png not on disk
FAIL .lw/nab-official/v1.3/document/fw/handler/HttpRewriteHandler.rst: [QL1] asset missing: assets/handlers-HttpRewriteHandler/handler_structure_bg.png → knowledge/assets/handlers-HttpRewriteHandler/handler_structure_bg.png not on disk
FAIL .lw/nab-official/v1.3/document/fw/handler/HttpRewriteHandler.rst: [QL1] asset missing: assets/handlers-HttpRewriteHandler/handler_bg.png → knowledge/assets/handlers-HttpRewriteHandler/handler_bg.png not on disk
FAIL .lw/nab-official/v1.3/document/fw/handler/RequestPathJavaPackageMapping.rst: [QL1] asset missing: assets/handlers-RequestPathJavaPackageMapping/handler_structure_bg.png → knowledge/assets/handlers-RequestPathJavaPackageMapping/handler_structure_bg.png not on disk
FAIL .lw/nab-official/v1.3/document/fw/handler/RequestPathJavaPackageMapping.rst: [QL1] asset missing: assets/handlers-RequestPathJavaPackageMapping/handler_bg.png → knowledge/assets/handlers-RequestPathJavaPackageMapping/handler_bg.png not on disk
FAIL .lw/nab-official/v1.3/document/fw/handler/ThreadContextClearHandler.rst: [QL1] asset missing: assets/handlers-ThreadContextClearHandler/handler_structure_bg.png → knowledge/assets/handlers-ThreadContextClearHandler/handler_structure_bg.png not on disk
FAIL .lw/nab-official/v1.3/document/fw/handler/ThreadContextClearHandler.rst: [QL1] asset missing: assets/handlers-ThreadContextClearHandler/handler_bg.png → knowledge/assets/handlers-ThreadContextClearHandler/handler_bg.png not on disk
FAIL .lw/nab-official/v1.3/document/fw/handler/NablarchServletContextListener.rst: [QL1] asset missing: assets/handlers-NablarchServletContextListener/handler_structure_bg.png → knowledge/assets/handlers-NablarchServletContextListener/handler_structure_bg.png not on disk
FAIL .lw/nab-official/v1.3/document/fw/handler/NablarchServletContextListener.rst: [QL1] asset missing: assets/handlers-NablarchServletContextListener/handler_bg.png → knowledge/assets/handlers-NablarchServletContextListener/handler_bg.png not on disk
FAIL .lw/nab-official/v1.3/document/fw/handler/HttpMethodBinding.rst: [QL1] asset missing: assets/handlers-HttpMethodBinding/handler_structure_bg.png → knowledge/assets/handlers-HttpMethodBinding/handler_structure_bg.png not on disk
FAIL .lw/nab-official/v1.3/document/fw/handler/HttpMethodBinding.rst: [QL1] asset missing: assets/handlers-HttpMethodBinding/handler_bg.png → knowledge/assets/handlers-HttpMethodBinding/handler_bg.png not on disk
FAIL .lw/nab-official/v1.3/document/fw/handler/PermissionCheckHandler.rst: [QL1] asset missing: assets/handlers-PermissionCheckHandler/handler_structure_bg.png → knowledge/assets/handlers-PermissionCheckHandler/handler_structure_bg.png not on disk
FAIL .lw/nab-official/v1.3/document/fw/handler/PermissionCheckHandler.rst: [QL1] asset missing: assets/handlers-PermissionCheckHandler/handler_bg.png → knowledge/assets/handlers-PermissionCheckHandler/handler_bg.png not on disk
FAIL .lw/nab-official/v1.3/document/fw/handler/HttpAccessLogHandler.rst: [QL1] asset missing: assets/handlers-HttpAccessLogHandler/handler_structure_bg.png → knowledge/assets/handlers-HttpAccessLogHandler/handler_structure_bg.png not on disk
FAIL .lw/nab-official/v1.3/document/fw/handler/HttpAccessLogHandler.rst: [QL1] asset missing: assets/handlers-HttpAccessLogHandler/handler_bg.png → knowledge/assets/handlers-HttpAccessLogHandler/handler_bg.png not on disk
FAIL .lw/nab-official/v1.3/document/fw/handler/WebFrontController.rst: [QL1] asset missing: assets/handlers-WebFrontController/handler_structure_bg.png → knowledge/assets/handlers-WebFrontController/handler_structure_bg.png not on disk
FAIL .lw/nab-official/v1.3/document/fw/handler/WebFrontController.rst: [QL1] asset missing: assets/handlers-WebFrontController/handler_bg.png → knowledge/assets/handlers-WebFrontController/handler_bg.png not on disk
WARN /home/tie303177/work/nabledge/work2/.lw/nab-official/v1.3/document/fw/handler/ProcessResidentHandler.rst: QL1 undefined document :doc:`/architectural_pattern/batch_resident_thread_sync` — emitting display text only
WARN /home/tie303177/work/nabledge/work2/.lw/nab-official/v1.3/document/fw/handler/ProcessResidentHandler.rst: QL1 undefined document :doc:`/architectural_pattern/batch_resident_thread_sync` — emitting display text only
FAIL .lw/nab-official/v1.3/document/fw/handler/ProcessResidentHandler.rst: [QL1] asset missing: assets/handlers-ProcessResidentHandler/handler_structure_bg.png → knowledge/assets/handlers-ProcessResidentHandler/handler_structure_bg.png not on disk
FAIL .lw/nab-official/v1.3/document/fw/handler/ProcessResidentHandler.rst: [QL1] asset missing: assets/handlers-ProcessResidentHandler/handler_bg.png → knowledge/assets/handlers-ProcessResidentHandler/handler_bg.png not on disk
FAIL .lw/nab-official/v1.3/document/fw/handler/DbConnectionManagementHandler.rst: [QL1] asset missing: assets/handlers-DbConnectionManagementHandler/handler_structure_bg.png → knowledge/assets/handlers-DbConnectionManagementHandler/handler_structure_bg.png not on disk
FAIL .lw/nab-official/v1.3/document/fw/handler/DbConnectionManagementHandler.rst: [QL1] asset missing: assets/handlers-DbConnectionManagementHandler/handler_bg.png → knowledge/assets/handlers-DbConnectionManagementHandler/handler_bg.png not on disk
FAIL .lw/nab-official/v1.3/document/fw/handler/FileRecordWriterDisposeHandler.rst: [QL1] asset missing: assets/handlers-FileRecordWriterDisposeHandler/handler_structure_bg.png → knowledge/assets/handlers-FileRecordWriterDisposeHandler/handler_structure_bg.png not on disk
FAIL .lw/nab-official/v1.3/document/fw/handler/FileRecordWriterDisposeHandler.rst: [QL1] asset missing: assets/handlers-FileRecordWriterDisposeHandler/handler_bg.png → knowledge/assets/handlers-FileRecordWriterDisposeHandler/handler_bg.png not on disk
FAIL .lw/nab-official/v1.3/document/fw/handler/MessageReplyHandler.rst: [QL1] asset missing: assets/handlers-MessageReplyHandler/handler_structure_bg.png → knowledge/assets/handlers-MessageReplyHandler/handler_structure_bg.png not on disk
FAIL .lw/nab-official/v1.3/document/fw/handler/MessageReplyHandler.rst: [QL1] asset missing: assets/handlers-MessageReplyHandler/handler_bg.png → knowledge/assets/handlers-MessageReplyHandler/handler_bg.png not on disk
FAIL .lw/nab-official/v1.3/document/fw/handler/MultipartHandler.rst: [QL1] asset missing: assets/handlers-MultipartHandler/handler_structure_bg.png → knowledge/assets/handlers-MultipartHandler/handler_structure_bg.png not on disk
FAIL .lw/nab-official/v1.3/document/fw/handler/MultipartHandler.rst: [QL1] asset missing: assets/handlers-MultipartHandler/handler_bg.png → knowledge/assets/handlers-MultipartHandler/handler_bg.png not on disk
FAIL .lw/nab-official/v1.3/document/fw/handler/DuplicateProcessCheckHandler.rst: [QL1] asset missing: assets/handlers-DuplicateProcessCheckHandler/handler_structure_bg.png → knowledge/assets/handlers-DuplicateProcessCheckHandler/handler_structure_bg.png not on disk
FAIL .lw/nab-official/v1.3/document/fw/handler/DuplicateProcessCheckHandler.rst: [QL1] asset missing: assets/handlers-DuplicateProcessCheckHandler/handler_bg.png → knowledge/assets/handlers-DuplicateProcessCheckHandler/handler_bg.png not on disk
FAIL .lw/nab-official/v1.3/document/fw/handler/MessageResendHandler.rst: [QL1] asset missing: assets/handlers-MessageResendHandler/handler_structure_bg.png → knowledge/assets/handlers-MessageResendHandler/handler_structure_bg.png not on disk
FAIL .lw/nab-official/v1.3/document/fw/handler/MessageResendHandler.rst: [QL1] asset missing: assets/handlers-MessageResendHandler/handler_bg.png → knowledge/assets/handlers-MessageResendHandler/handler_bg.png not on disk
FAIL .lw/nab-official/v1.3/document/fw/handler/ServiceAvailabilityCheckHandler.rst: [QL1] asset missing: assets/handlers-ServiceAvailabilityCheckHandler/handler_structure_bg.png → knowledge/assets/handlers-ServiceAvailabilityCheckHandler/handler_structure_bg.png not on disk
FAIL .lw/nab-official/v1.3/document/fw/handler/ServiceAvailabilityCheckHandler.rst: [QL1] asset missing: assets/handlers-ServiceAvailabilityCheckHandler/handler_bg.png → knowledge/assets/handlers-ServiceAvailabilityCheckHandler/handler_bg.png not on disk
FAIL .lw/nab-official/v1.3/document/fw/handler/RetryHandler.rst: [QL1] asset missing: assets/handlers-RetryHandler/handler_structure_bg.png → knowledge/assets/handlers-RetryHandler/handler_structure_bg.png not on disk
FAIL .lw/nab-official/v1.3/document/fw/handler/RetryHandler.rst: [QL1] asset missing: assets/handlers-RetryHandler/handler_bg.png → knowledge/assets/handlers-RetryHandler/handler_bg.png not on disk
FAIL .lw/nab-official/v1.3/document/fw/handler/StatusCodeConvertHandler.rst: [QL1] asset missing: assets/handlers-StatusCodeConvertHandler/handler_structure_bg.png → knowledge/assets/handlers-StatusCodeConvertHandler/handler_structure_bg.png not on disk
FAIL .lw/nab-official/v1.3/document/fw/handler/StatusCodeConvertHandler.rst: [QL1] asset missing: assets/handlers-StatusCodeConvertHandler/handler_bg.png → knowledge/assets/handlers-StatusCodeConvertHandler/handler_bg.png not on disk
FAIL .lw/nab-official/v1.3/document/fw/handler/GlobalErrorHandler.rst: [QL1] asset missing: assets/handlers-GlobalErrorHandler/handler_structure_bg.png → knowledge/assets/handlers-GlobalErrorHandler/handler_structure_bg.png not on disk
FAIL .lw/nab-official/v1.3/document/fw/handler/GlobalErrorHandler.rst: [QL1] asset missing: assets/handlers-GlobalErrorHandler/handler_bg.png → knowledge/assets/handlers-GlobalErrorHandler/handler_bg.png not on disk
FAIL .lw/nab-official/v1.3/document/fw/handler/TransactionManagementHandler.rst: [QL1] asset missing: assets/handlers-TransactionManagementHandler/handler_structure_bg.png → knowledge/assets/handlers-TransactionManagementHandler/handler_structure_bg.png not on disk
FAIL .lw/nab-official/v1.3/document/fw/handler/TransactionManagementHandler.rst: [QL1] asset missing: assets/handlers-TransactionManagementHandler/handler_bg.png → knowledge/assets/handlers-TransactionManagementHandler/handler_bg.png not on disk
FAIL .lw/nab-official/v1.3/document/fw/handler/RequestThreadLoopHandler.rst: [QL1] asset missing: assets/handlers-RequestThreadLoopHandler/handler_structure_bg.png → knowledge/assets/handlers-RequestThreadLoopHandler/handler_structure_bg.png not on disk
FAIL .lw/nab-official/v1.3/document/fw/handler/RequestThreadLoopHandler.rst: [QL1] asset missing: assets/handlers-RequestThreadLoopHandler/handler_bg.png → knowledge/assets/handlers-RequestThreadLoopHandler/handler_bg.png not on disk
FAIL .lw/nab-official/v1.3/document/fw/handler/DataReadHandler.rst: [QL1] asset missing: assets/handlers-DataReadHandler/handler_structure_bg.png → knowledge/assets/handlers-DataReadHandler/handler_structure_bg.png not on disk
FAIL .lw/nab-official/v1.3/document/fw/handler/DataReadHandler.rst: [QL1] asset missing: assets/handlers-DataReadHandler/handler_bg.png → knowledge/assets/handlers-DataReadHandler/handler_bg.png not on disk
FAIL .lw/nab-official/v1.3/document/fw/architectural_pattern/messaging_receive.rst: [QL1] asset missing: assets/mom-messaging-messaging-receive/handler_structure_bg.png → knowledge/assets/mom-messaging-messaging-receive/handler_structure_bg.png not on disk
FAIL .lw/nab-official/v1.3/document/fw/architectural_pattern/messaging_receive.rst: [QL1] asset missing: assets/mom-messaging-messaging-receive/handler_bg.png → knowledge/assets/mom-messaging-messaging-receive/handler_bg.png not on disk
WARN /home/tie303177/work/nabledge/work2/.lw/nab-official/v1.3/document/fw/architectural_pattern/batch_resident_thread_sync.rst: QL1 undefined label :ref:`retry-limit` — emitting display text only
FAIL .lw/nab-official/v1.3/document/fw/architectural_pattern/batch_resident_thread_sync.rst: [QL1] asset missing: assets/nablarch-batch-batch-resident-thread-sync/handler_structure_bg.png → knowledge/assets/nablarch-batch-batch-resident-thread-sync/handler_structure_bg.png not on disk
FAIL .lw/nab-official/v1.3/document/fw/architectural_pattern/batch_resident_thread_sync.rst: [QL1] asset missing: assets/nablarch-batch-batch-resident-thread-sync/handler_bg.png → knowledge/assets/nablarch-batch-batch-resident-thread-sync/handler_bg.png not on disk
FAIL .lw/nab-official/v1.3/document/fw/architectural_pattern/messaging_request_reply.rst: [QL1] asset missing: assets/mom-messaging-messaging-request-reply/handler_structure_bg.png → knowledge/assets/mom-messaging-messaging-request-reply/handler_structure_bg.png not on disk
FAIL .lw/nab-official/v1.3/document/fw/architectural_pattern/messaging_request_reply.rst: [QL1] asset missing: assets/mom-messaging-messaging-request-reply/handler_bg.png → knowledge/assets/mom-messaging-messaging-request-reply/handler_bg.png not on disk
FAIL .lw/nab-official/v1.3/document/fw/architectural_pattern/web_gui.rst: [QL1] asset missing: assets/web-application-web-gui/handler_structure_bg.png → knowledge/assets/web-application-web-gui/handler_structure_bg.png not on disk
FAIL .lw/nab-official/v1.3/document/fw/architectural_pattern/web_gui.rst: [QL1] asset missing: assets/web-application-web-gui/handler_bg.png → knowledge/assets/web-application-web-gui/handler_bg.png not on disk
FAIL .lw/nab-official/v1.3/document/fw/architectural_pattern/batch_resident.rst: [QL1] asset missing: assets/nablarch-batch-batch-resident/handler_structure_bg.png → knowledge/assets/nablarch-batch-batch-resident/handler_structure_bg.png not on disk
FAIL .lw/nab-official/v1.3/document/fw/architectural_pattern/batch_resident.rst: [QL1] asset missing: assets/nablarch-batch-batch-resident/handler_bg.png → knowledge/assets/nablarch-batch-batch-resident/handler_bg.png not on disk
FAIL .lw/nab-official/v1.3/document/fw/architectural_pattern/batch_single_shot.rst: [QL1] asset missing: assets/nablarch-batch-batch-single-shot/handler_structure_bg.png → knowledge/assets/nablarch-batch-batch-single-shot/handler_structure_bg.png not on disk
FAIL .lw/nab-official/v1.3/document/fw/architectural_pattern/batch_single_shot.rst: [QL1] asset missing: assets/nablarch-batch-batch-single-shot/handler_bg.png → knowledge/assets/nablarch-batch-batch-single-shot/handler_bg.png not on disk
FAIL .lw/nab-official/v1.3/document/fw/reader/ResumeDataReader.rst: [QL1] asset missing: assets/readers-ResumeDataReader/handler_structure_bg.png → knowledge/assets/readers-ResumeDataReader/handler_structure_bg.png not on disk
FAIL .lw/nab-official/v1.3/document/fw/reader/ResumeDataReader.rst: [QL1] asset missing: assets/readers-ResumeDataReader/handler_bg.png → knowledge/assets/readers-ResumeDataReader/handler_bg.png not on disk
FAIL .lw/nab-official/v1.3/document/fw/reader/ValidatableFileDataReader.rst: [QL1] asset missing: assets/readers-ValidatableFileDataReader/handler_structure_bg.png → knowledge/assets/readers-ValidatableFileDataReader/handler_structure_bg.png not on disk
FAIL .lw/nab-official/v1.3/document/fw/reader/ValidatableFileDataReader.rst: [QL1] asset missing: assets/readers-ValidatableFileDataReader/handler_bg.png → knowledge/assets/readers-ValidatableFileDataReader/handler_bg.png not on disk
FAIL .lw/nab-official/v1.3/document/fw/core_library/file_access.rst: [QL1] asset missing: assets/libraries-file-access/handler_structure_bg.png → knowledge/assets/libraries-file-access/handler_structure_bg.png not on disk
FAIL .lw/nab-official/v1.3/document/fw/core_library/file_access.rst: [QL1] asset missing: assets/libraries-file-access/handler_bg.png → knowledge/assets/libraries-file-access/handler_bg.png not on disk
FAIL .lw/nab-official/v1.3/document/fw/core_library/messaging_sender_util.rst: [QL1] asset missing: assets/libraries-messaging-sender-util/handler_structure_bg.png → knowledge/assets/libraries-messaging-sender-util/handler_structure_bg.png not on disk
FAIL .lw/nab-official/v1.3/document/fw/core_library/messaging_sender_util.rst: [QL1] asset missing: assets/libraries-messaging-sender-util/handler_bg.png → knowledge/assets/libraries-messaging-sender-util/handler_bg.png not on disk
FAIL .lw/nab-official/v1.3/document/fw/core_library/enterprise_messaging.rst: [QL1] asset missing: assets/libraries-enterprise-messaging/handler_structure_bg.png → knowledge/assets/libraries-enterprise-messaging/handler_structure_bg.png not on disk
FAIL .lw/nab-official/v1.3/document/fw/core_library/enterprise_messaging.rst: [QL1] asset missing: assets/libraries-enterprise-messaging/handler_bg.png → knowledge/assets/libraries-enterprise-messaging/handler_bg.png not on disk
WARN /home/tie303177/work/nabledge/work2/.lw/nab-official/v1.3/document/fw/core_library/validation_basic_validators.rst: QL1 undefined label :ref:`permit-null-value` — emitting display text only
WARN /home/tie303177/work/nabledge/work2/.lw/nab-official/v1.3/document/fw/core_library/validation_basic_validators.rst: QL1 undefined label :ref:`permit-null-value` — emitting display text only
WARN /home/tie303177/work/nabledge/work2/.lw/nab-official/v1.3/document/fw/core_library/validation_basic_validators.rst: QL1 undefined label :ref:`permit-null-value` — emitting display text only
FAIL .lw/nab-official/v1.3/document/fw/core_library/validation_basic_validators.rst: [QL1] asset missing: assets/libraries-validation-basic-validators/handler_structure_bg.png → knowledge/assets/libraries-validation-basic-validators/handler_structure_bg.png not on disk
FAIL .lw/nab-official/v1.3/document/fw/core_library/validation_basic_validators.rst: [QL1] asset missing: assets/libraries-validation-basic-validators/handler_bg.png → knowledge/assets/libraries-validation-basic-validators/handler_bg.png not on disk
FAIL .lw/nab-official/v1.3/document/fw/core_library/messaging_sending_batch.rst: [QL1] asset missing: assets/libraries-messaging-sending-batch/handler_structure_bg.png → knowledge/assets/libraries-messaging-sending-batch/handler_structure_bg.png not on disk
FAIL .lw/nab-official/v1.3/document/fw/core_library/messaging_sending_batch.rst: [QL1] asset missing: assets/libraries-messaging-sending-batch/handler_bg.png → knowledge/assets/libraries-messaging-sending-batch/handler_bg.png not on disk
FAIL .lw/nab-official/v1.3/document/fw/core_library/record_format.rst: [QL1] asset missing: assets/libraries-record-format/handler_structure_bg.png → knowledge/assets/libraries-record-format/handler_structure_bg.png not on disk
FAIL .lw/nab-official/v1.3/document/fw/core_library/record_format.rst: [QL1] asset missing: assets/libraries-record-format/handler_bg.png → knowledge/assets/libraries-record-format/handler_bg.png not on disk
WARN /home/tie303177/work/nabledge/work2/.lw/nab-official/v1.3/document/fw/02_FunctionDemandSpecifications/01_Core/06_SystemTimeProvider.rst: QL1 undefined label :ref:`Threadcontexthandler` — emitting display text only
WARN /home/tie303177/work/nabledge/work2/.lw/nab-official/v1.3/document/fw/02_FunctionDemandSpecifications/03_Common/07/07_DisplayTag.rst: QL1 undefined label :ref:`WebView_CodeRadiobuttonsTag` — emitting display text only
FAIL .lw/nab-official/v1.3/document/fw/02_FunctionDemandSpecifications/03_Common/07/07_BasicRules.rst: [QC1] RST parse/visitor error: docutils parse error: /home/tie303177/work/nabledge/work2/.lw/nab-official/v1.3/document/fw/02_FunctionDemandSpecifications/03_Common/07/07_BasicRules.rst:6: (ERROR/3) Unknown target name: "nablarch".
WARN /home/tie303177/work/nabledge/work2/.lw/nab-official/v1.3/document/fw/02_FunctionDemandSpecifications/01_Core/04/04_Connection.rst: QL1 undefined label :ref:`BasicDbConnectionFactoryForDataSource-class-label` — emitting display text only
WARN /home/tie303177/work/nabledge/work2/.lw/nab-official/v1.3/document/fw/02_FunctionDemandSpecifications/01_Core/04/04_Connection.rst: QL1 undefined label :ref:`BasicDbConnectionFactoryForJndi-class-label` — emitting display text only
WARN /home/tie303177/work/nabledge/work2/.lw/nab-official/v1.3/document/fw/02_FunctionDemandSpecifications/01_Core/04/04_ObjectSave.rst: QL1 undefined label :ref:`variable_condition_syntax_convertor-label` — emitting display text only
WARN /home/tie303177/work/nabledge/work2/.lw/nab-official/v1.3/document/fw/02_FunctionDemandSpecifications/01_Core/04/04_ObjectSave.rst: QL1 undefined label :ref:`variable_in_syntax_convertor-label` — emitting display text only
WARN /home/tie303177/work/nabledge/work2/.lw/nab-official/v1.3/document/fw/02_FunctionDemandSpecifications/01_Core/04/04_ObjectSave.rst: QL1 undefined label :ref:`variable_order_by_syntax_convertor-label` — emitting display text only
WARN /home/tie303177/work/nabledge/work2/.lw/nab-official/v1.3/document/fw/02_FunctionDemandSpecifications/01_Core/04/04_ObjectSave.rst: QL1 undefined label :ref:`basic-sql-parameter-parser-label` — emitting display text only
FAIL .lw/nab-official/v1.3/document/fw/architectural_pattern/concept.rst: [QL1] asset missing: assets/about-nablarch-architectural-pattern-concept/handler_structure_bg.png → knowledge/assets/about-nablarch-architectural-pattern-concept/handler_structure_bg.png not on disk
FAIL .lw/nab-official/v1.3/document/fw/architectural_pattern/concept.rst: [QL1] asset missing: assets/about-nablarch-architectural-pattern-concept/handler_bg.png → knowledge/assets/about-nablarch-architectural-pattern-concept/handler_bg.png not on disk
FAIL .lw/nab-official/all-releasenote/nablarch-1.3-all-releasenote/1.3.0/nablarch_ライブラリ-1.3.0-releasenote-detail.xls: [JSON↔MD] [QO2] releases-nablarch-ライブラリ-1.3.0-releasenote-detail: section 'URLのパスに予約文字が含まれていると障害通知ログが出力される場合がある不具合の修正' value 'URLのパスに予約文字（| ; | / | # | ? | : | space）が含まれている場合、不正なURLと判定してしまい、障害通知ログが出力される場合がありました。これを不正なURLと判定しないように修正しました。' not found in docs MD
