WARN /home/tie303177/work/nabledge/work2/.lw/nab-official/v6/nablarch-document/ja/application_framework/application_framework/libraries/format.rst: QL1 undefined label :ref:`format_datetime` — emitting display text only
WARN /home/tie303177/work/nabledge/work2/.lw/nab-official/v6/nablarch-document/ja/application_framework/application_framework/libraries/format.rst: QL1 undefined label :ref:`format_datetime` — emitting display text only
WARN /home/tie303177/work/nabledge/work2/.lw/nab-official/v6/nablarch-document/ja/application_framework/application_framework/libraries/tag.rst: QL1 undefined label :ref:`tag-format_datetime` — emitting display text only
WARN /home/tie303177/work/nabledge/work2/.lw/nab-official/v6/nablarch-document/ja/application_framework/application_framework/batch/jsr352/getting_started/batchlet/index.rst: QL1 undefined label :ref:`jsr352-batch_type_Batchlet` — emitting display text only
WARN /home/tie303177/work/nabledge/work2/.lw/nab-official/v6/nablarch-document/ja/application_framework/application_framework/libraries/data_io/data_format.rst: QL1 undefined label :ref:`data_format-nest_object` — emitting display text only
WARN /home/tie303177/work/nabledge/work2/.lw/nab-official/v6/nablarch-document/ja/application_framework/application_framework/libraries/data_io/data_format.rst: QL1 undefined label :ref:`data_format-replacement_convertor` — emitting display text only
WARN /home/tie303177/work/nabledge/work2/.lw/nab-official/v6/nablarch-document/ja/application_framework/application_framework/libraries/data_io/data_format/format_definition.rst: QL1 undefined label :ref:`data_format-directive_text_encoding` — emitting display text only
WARN /home/tie303177/work/nabledge/work2/.lw/nab-official/v6/nablarch-document/ja/application_framework/application_framework/libraries/data_io/data_format/format_definition.rst: QL1 undefined label :ref:`data_format-directive_text_encoding` — emitting display text only
WARN /home/tie303177/work/nabledge/work2/.lw/nab-official/v6/nablarch-document/ja/application_framework/application_framework/libraries/data_io/data_format/format_definition.rst: QL1 undefined label :ref:`data_format-directive_text_encoding` — emitting display text only
WARN /home/tie303177/work/nabledge/work2/.lw/nab-official/v6/nablarch-document/ja/application_framework/application_framework/libraries/data_io/data_format/format_definition.rst: QL1 undefined label :ref:`data_format-directive_text_encoding` — emitting display text only
WARN /home/tie303177/work/nabledge/work2/.lw/nab-official/v6/nablarch-document/ja/application_framework/application_framework/libraries/data_io/data_format/format_definition.rst: QL1 undefined label :ref:`data_format-title_type_name` — emitting display text only
WARN /home/tie303177/work/nabledge/work2/.lw/nab-official/v6/nablarch-document/ja/application_framework/application_framework/libraries/data_io/data_format/format_definition.rst: QL1 undefined label :ref:`data_format-field_type-single_byte_character_string` — emitting display text only
WARN /home/tie303177/work/nabledge/work2/.lw/nab-official/v6/nablarch-document/ja/application_framework/application_framework/libraries/data_io/data_format/format_definition.rst: QL1 undefined label :ref:`data_format-field_type-single_byte_character_string` — emitting display text only
WARN /home/tie303177/work/nabledge/work2/.lw/nab-official/v6/nablarch-document/ja/application_framework/application_framework/libraries/data_io/data_format/format_definition.rst: QL1 undefined label :ref:`data_format-positive_zone_sign_nibble` — emitting display text only
WARN /home/tie303177/work/nabledge/work2/.lw/nab-official/v6/nablarch-document/ja/application_framework/application_framework/libraries/data_io/data_format/format_definition.rst: QL1 undefined label :ref:`data_format-negative_zone_sign_nibble` — emitting display text only
WARN /home/tie303177/work/nabledge/work2/.lw/nab-official/v6/nablarch-document/ja/application_framework/application_framework/libraries/data_io/data_format/format_definition.rst: QL1 undefined label :ref:`data_format-field_type-zoned_decimal` — emitting display text only
WARN /home/tie303177/work/nabledge/work2/.lw/nab-official/v6/nablarch-document/ja/application_framework/application_framework/libraries/data_io/data_format/format_definition.rst: QL1 undefined label :ref:`data_format-field_type-zoned_decimal` — emitting display text only
WARN /home/tie303177/work/nabledge/work2/.lw/nab-official/v6/nablarch-document/ja/application_framework/application_framework/libraries/data_io/data_format/format_definition.rst: QL1 undefined label :ref:`data_format-positive_pack_sign_nibble` — emitting display text only
WARN /home/tie303177/work/nabledge/work2/.lw/nab-official/v6/nablarch-document/ja/application_framework/application_framework/libraries/data_io/data_format/format_definition.rst: QL1 undefined label :ref:`data_format-negative_pack_sign_nibble` — emitting display text only
WARN /home/tie303177/work/nabledge/work2/.lw/nab-official/v6/nablarch-document/ja/application_framework/application_framework/libraries/data_io/data_format/format_definition.rst: QL1 undefined label :ref:`data_format-field_type-zoned_decimal` — emitting display text only
WARN /home/tie303177/work/nabledge/work2/.lw/nab-official/v6/nablarch-document/ja/application_framework/application_framework/libraries/data_io/data_format/format_definition.rst: QL1 undefined label :ref:`data_format-field_type-zoned_decimal` — emitting display text only
WARN /home/tie303177/work/nabledge/work2/.lw/nab-official/v6/nablarch-document/ja/application_framework/application_framework/libraries/data_io/data_format/format_definition.rst: QL1 undefined label :ref:`data_format-field_type-single_byte_character_string` — emitting display text only
WARN /home/tie303177/work/nabledge/work2/.lw/nab-official/v6/nablarch-document/ja/application_framework/application_framework/libraries/data_io/data_format/format_definition.rst: QL1 undefined label :ref:`data_format-field_type-zoned_decimal` — emitting display text only
WARN /home/tie303177/work/nabledge/work2/.lw/nab-official/v6/nablarch-document/ja/application_framework/application_framework/libraries/data_io/data_format/format_definition.rst: QL1 undefined label :ref:`data_format-field_type-single_byte_character_string` — emitting display text only
WARN /home/tie303177/work/nabledge/work2/.lw/nab-official/v6/nablarch-document/ja/application_framework/application_framework/libraries/data_io/data_format/format_definition.rst: QL1 undefined label :ref:`data_format-number_convertor` — emitting display text only
WARN /home/tie303177/work/nabledge/work2/.lw/nab-official/v6/nablarch-document/ja/application_framework/application_framework/libraries/data_io/data_format/format_definition.rst: QL1 undefined label :ref:`data_format-signed_number_convertor` — emitting display text only
WARN /home/tie303177/work/nabledge/work2/.lw/nab-official/v6/nablarch-document/ja/application_framework/application_framework/libraries/data_io/data_format/format_definition.rst: QL1 undefined label :ref:`data_format-number_convertor` — emitting display text only
WARN /home/tie303177/work/nabledge/work2/.lw/nab-official/v6/nablarch-document/ja/application_framework/application_framework/libraries/data_io/data_format/format_definition.rst: QL1 undefined label :ref:`data_format-signed_number_convertor` — emitting display text only
WARN /home/tie303177/work/nabledge/work2/.lw/nab-official/v6/nablarch-document/ja/application_framework/application_framework/libraries/data_io/data_format/format_definition.rst: QL1 undefined label :ref:`data_format-field_type-nullable_string` — emitting display text only
WARN /home/tie303177/work/nabledge/work2/.lw/nab-official/v6/nablarch-document/ja/application_framework/application_framework/libraries/data_io/data_format/format_definition.rst: QL1 undefined label :ref:`data_format-field_type-nullable_string` — emitting display text only
WARN /home/tie303177/work/nabledge/work2/.lw/nab-official/v6/nablarch-document/ja/application_framework/application_framework/libraries/data_io/data_format/format_definition.rst: QL1 undefined label :ref:`data_format-field_type-nullable_string` — emitting display text only
WARN /home/tie303177/work/nabledge/work2/.lw/nab-official/v6/nablarch-document/ja/application_framework/application_framework/libraries/data_io/data_format/format_definition.rst: QL1 undefined label :ref:`data_format-directive_text_encoding` — emitting display text only
WARN /home/tie303177/work/nabledge/work2/.lw/nab-official/v6/nablarch-document/ja/application_framework/application_framework/libraries/data_io/data_format/format_definition.rst: QL1 undefined label :ref:`data_format-number_convertor` — emitting display text only
WARN /home/tie303177/work/nabledge/work2/.lw/nab-official/v6/nablarch-document/ja/application_framework/application_framework/libraries/data_io/data_format/multi_format_example.rst: QL1 undefined label :ref:`data_format-requires-title` — emitting display text only
WARN /home/tie303177/work/nabledge/work2/.lw/nab-official/v6/nablarch-document/ja/application_framework/application_framework/libraries/data_io/data_format/multi_format_example.rst: QL1 undefined label :ref:`data_format-title_type_name` — emitting display text only
WARN /home/tie303177/work/nabledge/work2/.lw/nab-official/v6/nablarch-document/ja/application_framework/application_framework/libraries/data_io/data_format/multi_format_example.rst: QL1 undefined label :ref:`data_format-title_type_name` — emitting display text only
All files verified OK
