2026-03-04 17:50:47 - knowledge_creator - INFO - Logging to: /home/tie303177/work/nabledge/work1/tools/knowledge-creator/.logs/v5/execution.log
2026-03-04 17:50:47 - knowledge_creator - INFO - 
📋Phase A: Prepare
2026-03-04 17:50:47 - knowledge_creator - INFO -    └─ Scanning documentation sources...
2026-03-04 17:50:47 - knowledge_creator - INFO - 
   📊Found 361 source files
2026-03-04 17:50:47 - knowledge_creator - INFO -       📝RST: 336
2026-03-04 17:50:47 - knowledge_creator - INFO -       📄MD: 3
2026-03-04 17:50:47 - knowledge_creator - INFO -       📊Excel: 22
2026-03-04 17:50:47 - knowledge_creator - INFO - 
   💾Saved: tools/knowledge-creator/.logs/v5/phase-a/sources.json
2026-03-04 17:50:47 - knowledge_creator - INFO -    ✂️Split adapters-web_thymeleaf_adaptor: 154 lines → 1 parts
2026-03-04 17:50:47 - knowledge_creator - INFO -    ✂️Split adapters-mail_sender_freemarker_adaptor: 115 lines → 1 parts
2026-03-04 17:50:47 - knowledge_creator - INFO -    ✂️Split adapters-jaxrs_adaptor: 141 lines → 1 parts
2026-03-04 17:50:47 - knowledge_creator - INFO -    ✂️Split adapters-micrometer_adaptor: 1837 lines → 7 parts
2026-03-04 17:50:47 - knowledge_creator - INFO -    ✂️Split adapters-webspheremq_adaptor: 128 lines → 1 parts
2026-03-04 17:50:47 - knowledge_creator - INFO -    ✂️Split adapters-jsr310_adaptor: 60 lines → 1 parts
2026-03-04 17:50:47 - knowledge_creator - INFO -    ✂️Split adapters-log_adaptor: 78 lines → 1 parts
2026-03-04 17:50:47 - knowledge_creator - INFO -    ✂️Split adapters-doma_adaptor: 397 lines → 1 parts
2026-03-04 17:50:47 - knowledge_creator - INFO -    ✂️Split adapters-mail_sender_velocity_adaptor: 107 lines → 1 parts
2026-03-04 17:50:47 - knowledge_creator - INFO -    ✂️Split adapters-slf4j_adaptor: 42 lines → 1 parts
2026-03-04 17:50:47 - knowledge_creator - INFO -    ✂️Split adapters-router_adaptor: 371 lines → 1 parts
2026-03-04 17:50:47 - knowledge_creator - INFO -    ✂️Split adapters-mail_sender_thymeleaf_adaptor: 81 lines → 1 parts
2026-03-04 17:50:47 - knowledge_creator - INFO -    ✂️Split adapters-redisstore_lettuce_adaptor: 443 lines → 2 parts
2026-03-04 17:50:47 - knowledge_creator - INFO -    ✂️Split nablarch-batch-architecture: 437 lines → 2 parts
2026-03-04 17:50:47 - knowledge_creator - INFO -    ✂️Split nablarch-batch-feature_details: 97 lines → 1 parts
2026-03-04 17:50:47 - knowledge_creator - INFO -    ✂️Split nablarch-batch-nablarch_batch_error_process: 56 lines → 1 parts
2026-03-04 17:50:47 - knowledge_creator - INFO -    ✂️Split jakarta-batch-architecture: 348 lines → 1 parts
2026-03-04 17:50:47 - knowledge_creator - INFO -    ✂️Split jakarta-batch-application_design: 66 lines → 1 parts
2026-03-04 17:50:47 - knowledge_creator - INFO -    ✂️Split jakarta-batch-feature_details: 84 lines → 1 parts
2026-03-04 17:50:47 - knowledge_creator - INFO -    ✂️Split jakarta-batch-run_batch_application: 91 lines → 1 parts
2026-03-04 17:50:47 - knowledge_creator - INFO -    ✂️Split jakarta-batch-progress_log: 213 lines → 1 parts
2026-03-04 17:50:47 - knowledge_creator - INFO -    ✂️Split jakarta-batch-operator_notice_log: 80 lines → 1 parts
2026-03-04 17:50:47 - knowledge_creator - INFO -    ✂️Split jakarta-batch-operation_policy: 73 lines → 1 parts
2026-03-04 17:50:47 - knowledge_creator - INFO -    ✂️Split setting-guide-CustomizeSystemTableName: 69 lines → 1 parts
2026-03-04 17:50:47 - knowledge_creator - INFO -    ✂️Split setting-guide-CustomizeAvailableCharacters: 256 lines → 1 parts
2026-03-04 17:50:47 - knowledge_creator - INFO -    ✂️Split db-messaging-architecture: 214 lines → 1 parts
2026-03-04 17:50:47 - knowledge_creator - INFO -    ✂️Split db-messaging-feature_details: 61 lines → 1 parts
2026-03-04 17:50:47 - knowledge_creator - INFO -    ✂️Split db-messaging-table_queue: 280 lines → 1 parts
2026-03-04 17:50:47 - knowledge_creator - INFO -    ✂️Split db-messaging-error_processing: 50 lines → 1 parts
2026-03-04 17:50:47 - knowledge_creator - INFO -    ✂️Split mom-messaging-architecture: 390 lines → 1 parts
2026-03-04 17:50:47 - knowledge_creator - INFO -    ✂️Split mom-messaging-feature_details: 57 lines → 1 parts
2026-03-04 17:50:47 - knowledge_creator - INFO -    ✂️Split blank-project-beforeFirstStep: 152 lines → 1 parts
2026-03-04 17:50:47 - knowledge_creator - INFO -    ✂️Split blank-project-addin_gsp: 300 lines → 1 parts
2026-03-04 17:50:47 - knowledge_creator - INFO -    ✂️Split blank-project-maven: 304 lines → 1 parts
2026-03-04 17:50:47 - knowledge_creator - INFO -    ✂️Split blank-project-FirstStepContainer: 13 lines → 1 parts
2026-03-04 17:50:47 - knowledge_creator - INFO -    ✂️Split blank-project-CustomizeDB: 599 lines → 2 parts
2026-03-04 17:50:47 - knowledge_creator - INFO -    ✂️Split blank-project-setup_Java17: 139 lines → 1 parts
2026-03-04 17:50:47 - knowledge_creator - INFO -    ✂️Split blank-project-setup_WebService: 304 lines → 1 parts
2026-03-04 17:50:47 - knowledge_creator - INFO -    ✂️Split blank-project-setup_Java11: 106 lines → 1 parts
2026-03-04 17:50:47 - knowledge_creator - INFO -    ✂️Split blank-project-setup_NablarchBatch_Dbless: 215 lines → 1 parts
2026-03-04 17:50:47 - knowledge_creator - INFO -    ✂️Split blank-project-setup_Web: 243 lines → 1 parts
2026-03-04 17:50:47 - knowledge_creator - INFO -    ✂️Split blank-project-setup_Jbatch: 309 lines → 1 parts
2026-03-04 17:50:47 - knowledge_creator - INFO -    ✂️Split blank-project-setup_NablarchBatch: 306 lines → 1 parts
2026-03-04 17:50:47 - knowledge_creator - INFO -    ✂️Split blank-project-setup_Java21: 66 lines → 1 parts
2026-03-04 17:50:47 - knowledge_creator - INFO -    ✂️Split blank-project-setup_ContainerBatch: 269 lines → 1 parts
2026-03-04 17:50:47 - knowledge_creator - INFO -    ✂️Split blank-project-setup_ContainerWeb: 245 lines → 1 parts
2026-03-04 17:50:47 - knowledge_creator - INFO -    ✂️Split blank-project-setup_ContainerBatch_Dbless: 141 lines → 1 parts
2026-03-04 17:50:47 - knowledge_creator - INFO -    ✂️Split blank-project-setup_ContainerWebService: 170 lines → 1 parts
2026-03-04 17:50:47 - knowledge_creator - INFO -    ✂️Split blank-project-firststep_complement: 96 lines → 1 parts
2026-03-04 17:50:47 - knowledge_creator - INFO -    ✂️Split libraries-mail: 667 lines → 3 parts
2026-03-04 17:50:47 - knowledge_creator - INFO -    ✂️Split libraries-service_availability: 102 lines → 1 parts
2026-03-04 17:50:47 - knowledge_creator - INFO -    ✂️Split libraries-message: 459 lines → 2 parts
2026-03-04 17:50:47 - knowledge_creator - INFO -    ✂️Split libraries-date: 145 lines → 1 parts
2026-03-04 17:50:47 - knowledge_creator - INFO -    ✂️Split libraries-log: 1486 lines → 4 parts
2026-03-04 17:50:47 - knowledge_creator - INFO -    ✂️Split libraries-stateless_web_app: 102 lines → 1 parts
2026-03-04 17:50:47 - knowledge_creator - INFO -    ✂️Split libraries-bean_util: 339 lines → 1 parts
2026-03-04 17:50:47 - knowledge_creator - INFO -    ✂️Split libraries-db_double_submit: 112 lines → 1 parts
2026-03-04 17:50:47 - knowledge_creator - INFO -    ✂️Split libraries-session_store: 458 lines → 2 parts
2026-03-04 17:50:47 - knowledge_creator - INFO -    ✂️Split libraries-exclusive_control: 405 lines → 2 parts
2026-03-04 17:50:47 - knowledge_creator - INFO -    ✂️Split libraries-format: 248 lines → 1 parts
2026-03-04 17:50:47 - knowledge_creator - INFO -    ✂️Split libraries-transaction: 235 lines → 1 parts
2026-03-04 17:50:47 - knowledge_creator - INFO -    ✂️Split libraries-static_data_cache: 164 lines → 1 parts
2026-03-04 17:50:47 - knowledge_creator - INFO -    ✂️Split libraries-file_path_management: 112 lines → 1 parts
2026-03-04 17:50:47 - knowledge_creator - INFO -    ✂️Split libraries-code: 454 lines → 2 parts
2026-03-04 17:50:47 - knowledge_creator - INFO -    ✂️Split libraries-tag: 3077 lines → 9 parts
2026-03-04 17:50:47 - knowledge_creator - INFO -    ✂️Split libraries-repository: 1125 lines → 3 parts
2026-03-04 17:50:47 - knowledge_creator - INFO -    ✂️Split libraries-data_bind: 726 lines → 3 parts
2026-03-04 17:50:47 - knowledge_creator - INFO -    ✂️Split libraries-data_format: 831 lines → 3 parts
2026-03-04 17:50:47 - knowledge_creator - INFO -    ✂️Split libraries-format_definition: 975 lines → 4 parts
2026-03-04 17:50:47 - knowledge_creator - INFO -    ✂️Split libraries-multi_format_example: 302 lines → 1 parts
2026-03-04 17:50:47 - knowledge_creator - INFO -    ✂️Split libraries-update_example: 58 lines → 1 parts
2026-03-04 17:50:47 - knowledge_creator - INFO -    ✂️Split libraries-create_example: 52 lines → 1 parts
2026-03-04 17:50:47 - knowledge_creator - INFO -    ✂️Split libraries-tag_reference: 2025 lines → 6 parts
2026-03-04 17:50:47 - knowledge_creator - INFO -    ✂️Split libraries-nablarch_validation: 794 lines → 3 parts
2026-03-04 17:50:47 - knowledge_creator - INFO -    ✂️Split libraries-bean_validation: 840 lines → 3 parts
2026-03-04 17:50:47 - knowledge_creator - INFO -    ✂️Split libraries-http_system_messaging: 330 lines → 1 parts
2026-03-04 17:50:47 - knowledge_creator - INFO -    ✂️Split libraries-mom_system_messaging: 947 lines → 3 parts
2026-03-04 17:50:48 - knowledge_creator - INFO -    ✂️Split libraries-universal_dao: 803 lines → 3 parts
2026-03-04 17:50:48 - knowledge_creator - INFO -    ✂️Split libraries-database: 1359 lines → 4 parts
2026-03-04 17:50:48 - knowledge_creator - INFO -    ✂️Split libraries-generator: 124 lines → 1 parts
2026-03-04 17:50:48 - knowledge_creator - INFO -    ✂️Split libraries-failure_log: 679 lines → 2 parts
2026-03-04 17:50:48 - knowledge_creator - INFO -    ✂️Split libraries-sql_log: 453 lines → 2 parts
2026-03-04 17:50:48 - knowledge_creator - INFO -    ✂️Split libraries-messaging_log: 374 lines → 1 parts
2026-03-04 17:50:48 - knowledge_creator - INFO -    ✂️Split libraries-jaxrs_access_log: 373 lines → 1 parts
2026-03-04 17:50:48 - knowledge_creator - INFO -    ✂️Split libraries-performance_log: 227 lines → 1 parts
2026-03-04 17:50:48 - knowledge_creator - INFO -    ✂️Split libraries-http_access_log: 452 lines → 2 parts
2026-03-04 17:50:48 - knowledge_creator - INFO -    ✂️Split libraries-permission_check: 258 lines → 1 parts
2026-03-04 17:50:48 - knowledge_creator - INFO -    ✂️Split libraries-role_check: 380 lines → 1 parts
2026-03-04 17:50:48 - knowledge_creator - INFO -    ✂️Split web-application-architecture: 175 lines → 1 parts
2026-03-04 17:50:48 - knowledge_creator - INFO -    ✂️Split web-application-feature_details: 182 lines → 1 parts
2026-03-04 17:50:48 - knowledge_creator - INFO -    ✂️Split web-application-nablarch_servlet_context_listener: 104 lines → 1 parts
2026-03-04 17:50:48 - knowledge_creator - INFO -    ✂️Split web-application-web_front_controller: 158 lines → 1 parts
2026-03-04 17:50:48 - knowledge_creator - INFO -    ✂️Split web-application-forward_error_page: 73 lines → 1 parts
2026-03-04 17:50:48 - knowledge_creator - INFO -    ✂️Split web-application-freemarker: 87 lines → 1 parts
2026-03-04 17:50:48 - knowledge_creator - INFO -    ✂️Split handlers-jaxrs_response_handler: 215 lines → 1 parts
2026-03-04 17:50:48 - knowledge_creator - INFO -    ✂️Split handlers-body_convert_handler: 113 lines → 1 parts
2026-03-04 17:50:48 - knowledge_creator - INFO -    ✂️Split handlers-jaxrs_bean_validation_handler: 97 lines → 1 parts
2026-03-04 17:50:48 - knowledge_creator - INFO -    ✂️Split handlers-cors_preflight_request_handler: 127 lines → 1 parts
2026-03-04 17:50:48 - knowledge_creator - INFO -    ✂️Split handlers-jaxrs_access_log_handler: 49 lines → 1 parts
2026-03-04 17:50:48 - knowledge_creator - INFO -    ✂️Split handlers-dbless_loop_handler: 36 lines → 1 parts
2026-03-04 17:50:48 - knowledge_creator - INFO -    ✂️Split handlers-loop_handler: 163 lines → 1 parts
2026-03-04 17:50:48 - knowledge_creator - INFO -    ✂️Split handlers-process_resident_handler: 120 lines → 1 parts
2026-03-04 17:50:48 - knowledge_creator - INFO -    ✂️Split handlers-retry_handler: 80 lines → 1 parts
2026-03-04 17:50:48 - knowledge_creator - INFO -    ✂️Split handlers-duplicate_process_check_handler: 100 lines → 1 parts
2026-03-04 17:50:48 - knowledge_creator - INFO -    ✂️Split handlers-request_thread_loop_handler: 130 lines → 1 parts
2026-03-04 17:50:48 - knowledge_creator - INFO -    ✂️Split handlers-process_stop_handler: 86 lines → 1 parts
2026-03-04 17:50:48 - knowledge_creator - INFO -    ✂️Split handlers-data_read_handler: 60 lines → 1 parts
2026-03-04 17:50:48 - knowledge_creator - INFO -    ✂️Split handlers-multi_thread_execution_handler: 159 lines → 1 parts
2026-03-04 17:50:48 - knowledge_creator - INFO -    ✂️Split handlers-status_code_convert_handler: 62 lines → 1 parts
2026-03-04 17:50:48 - knowledge_creator - INFO -    ✂️Split handlers-main: 145 lines → 1 parts
2026-03-04 17:50:48 - knowledge_creator - INFO -    ✂️Split handlers-http_messaging_error_handler: 87 lines → 1 parts
2026-03-04 17:50:48 - knowledge_creator - INFO -    ✂️Split handlers-http_messaging_request_parsing_handler: 182 lines → 1 parts
2026-03-04 17:50:48 - knowledge_creator - INFO -    ✂️Split handlers-http_messaging_response_building_handler: 88 lines → 1 parts
2026-03-04 17:50:48 - knowledge_creator - INFO -    ✂️Split handlers-database_connection_management_handler: 120 lines → 1 parts
2026-03-04 17:50:48 - knowledge_creator - INFO -    ✂️Split handlers-global_error_handler: 142 lines → 1 parts
2026-03-04 17:50:48 - knowledge_creator - INFO -    ✂️Split handlers-thread_context_handler: 346 lines → 1 parts
2026-03-04 17:50:48 - knowledge_creator - INFO -    ✂️Split handlers-thread_context_clear_handler: 43 lines → 1 parts
2026-03-04 17:50:48 - knowledge_creator - INFO -    ✂️Split handlers-request_path_java_package_mapping: 173 lines → 1 parts
2026-03-04 17:50:48 - knowledge_creator - INFO -    ✂️Split handlers-permission_check_handler: 90 lines → 1 parts
2026-03-04 17:50:48 - knowledge_creator - INFO -    ✂️Split handlers-request_handler_entry: 145 lines → 1 parts
2026-03-04 17:50:48 - knowledge_creator - INFO -    ✂️Split handlers-ServiceAvailabilityCheckHandler: 64 lines → 1 parts
2026-03-04 17:50:48 - knowledge_creator - INFO -    ✂️Split handlers-transaction_management_handler: 233 lines → 1 parts
2026-03-04 17:50:48 - knowledge_creator - INFO -    ✂️Split handlers-file_record_writer_dispose_handler: 45 lines → 1 parts
2026-03-04 17:50:48 - knowledge_creator - INFO -    ✂️Split handlers-http_request_java_package_mapping: 117 lines → 1 parts
2026-03-04 17:50:48 - knowledge_creator - INFO -    ✂️Split handlers-multipart_handler: 224 lines → 1 parts
2026-03-04 17:50:48 - knowledge_creator - INFO -    ✂️Split handlers-nablarch_tag_handler: 82 lines → 1 parts
2026-03-04 17:50:48 - knowledge_creator - INFO -    ✂️Split handlers-http_character_encoding_handler: 114 lines → 1 parts
2026-03-04 17:50:48 - knowledge_creator - INFO -    ✂️Split handlers-SessionStoreHandler: 250 lines → 1 parts
2026-03-04 17:50:48 - knowledge_creator - INFO -    ✂️Split handlers-HttpErrorHandler: 139 lines → 1 parts
2026-03-04 17:50:48 - knowledge_creator - INFO -    ✂️Split handlers-csrf_token_verification_handler: 183 lines → 1 parts
2026-03-04 17:50:48 - knowledge_creator - INFO -    ✂️Split handlers-normalize_handler: 100 lines → 1 parts
2026-03-04 17:50:48 - knowledge_creator - INFO -    ✂️Split handlers-secure_handler: 253 lines → 1 parts
2026-03-04 17:50:48 - knowledge_creator - INFO -    ✂️Split handlers-hot_deploy_handler: 72 lines → 1 parts
2026-03-04 17:50:48 - knowledge_creator - INFO -    ✂️Split handlers-session_concurrent_access_handler: 43 lines → 1 parts
2026-03-04 17:50:48 - knowledge_creator - INFO -    ✂️Split handlers-http_response_handler: 239 lines → 1 parts
2026-03-04 17:50:48 - knowledge_creator - INFO -    ✂️Split handlers-resource_mapping: 101 lines → 1 parts
2026-03-04 17:50:48 - knowledge_creator - INFO -    ✂️Split handlers-keitai_access_handler: 84 lines → 1 parts
2026-03-04 17:50:48 - knowledge_creator - INFO -    ✂️Split handlers-forwarding_handler: 98 lines → 1 parts
2026-03-04 17:50:48 - knowledge_creator - INFO -    ✂️Split handlers-http_rewrite_handler: 184 lines → 1 parts
2026-03-04 17:50:48 - knowledge_creator - INFO -    ✂️Split handlers-post_resubmit_prevent_handler: 99 lines → 1 parts
2026-03-04 17:50:48 - knowledge_creator - INFO -    ✂️Split handlers-health_check_endpoint_handler: 297 lines → 1 parts
2026-03-04 17:50:48 - knowledge_creator - INFO -    ✂️Split handlers-http_access_log_handler: 49 lines → 1 parts
2026-03-04 17:50:48 - knowledge_creator - INFO -    ✂️Split handlers-InjectForm: 107 lines → 1 parts
2026-03-04 17:50:48 - knowledge_creator - INFO -    ✂️Split handlers-use_token: 57 lines → 1 parts
2026-03-04 17:50:48 - knowledge_creator - INFO -    ✂️Split handlers-on_error: 118 lines → 1 parts
2026-03-04 17:50:48 - knowledge_creator - INFO -    ✂️Split handlers-on_errors: 56 lines → 1 parts
2026-03-04 17:50:48 - knowledge_creator - INFO -    ✂️Split handlers-on_double_submission: 80 lines → 1 parts
2026-03-04 17:50:48 - knowledge_creator - INFO -    ✂️Split handlers-messaging_context_handler: 60 lines → 1 parts
2026-03-04 17:50:48 - knowledge_creator - INFO -    ✂️Split handlers-message_reply_handler: 67 lines → 1 parts
2026-03-04 17:50:48 - knowledge_creator - INFO -    ✂️Split handlers-message_resend_handler: 145 lines → 1 parts
2026-03-04 17:50:48 - knowledge_creator - INFO -    ✂️Split about-nablarch-policy: 162 lines → 1 parts
2026-03-04 17:50:48 - knowledge_creator - INFO -    ✂️Split about-nablarch-architecture: 99 lines → 1 parts
2026-03-04 17:50:48 - knowledge_creator - INFO -    ✂️Split about-nablarch-platform: 107 lines → 1 parts
2026-03-04 17:50:48 - knowledge_creator - INFO -    ✂️Split restful-web-service-architecture: 180 lines → 1 parts
2026-03-04 17:50:48 - knowledge_creator - INFO -    ✂️Split restful-web-service-feature_details: 95 lines → 1 parts
2026-03-04 17:50:48 - knowledge_creator - INFO -    ✂️Split restful-web-service-resource_signature: 242 lines → 1 parts
2026-03-04 17:50:48 - knowledge_creator - INFO -    ✂️Split http-messaging-architecture: 156 lines → 1 parts
2026-03-04 17:50:48 - knowledge_creator - INFO -    ✂️Split http-messaging-feature_details: 63 lines → 1 parts
2026-03-04 17:50:48 - knowledge_creator - INFO -    ✂️Split about-nablarch-versionup_policy: 206 lines → 1 parts
2026-03-04 17:50:48 - knowledge_creator - INFO -    ✂️Split about-nablarch-concept: 31 lines → 1 parts
2026-03-04 17:50:48 - knowledge_creator - INFO -    ✂️Split about-nablarch-0101_PBKDF2PasswordEncryptor: 178 lines → 1 parts
2026-03-04 17:50:48 - knowledge_creator - INFO -    ✂️Split about-nablarch-OnlineAccessLogStatistics: 357 lines → 1 parts
2026-03-04 17:50:48 - knowledge_creator - INFO -    ✂️Split about-nablarch-0402_ExtendedFieldType: 118 lines → 1 parts
2026-03-04 17:50:48 - knowledge_creator - INFO -    ✂️Split about-nablarch-0401_ExtendedDataFormatter: 207 lines → 1 parts
2026-03-04 17:50:48 - knowledge_creator - INFO -    ✂️Split toolbox-SqlExecutor: 523 lines → 2 parts
2026-03-04 17:50:48 - knowledge_creator - INFO -    ✂️Split toolbox-02_JspStaticAnalysisInstall: 141 lines → 1 parts
2026-03-04 17:50:48 - knowledge_creator - INFO -    ✂️Split toolbox-01_JspStaticAnalysis: 444 lines → 2 parts
2026-03-04 17:50:48 - knowledge_creator - INFO -    ✂️Split toolbox-JspVerifier: 267 lines → 1 parts
2026-03-04 17:50:48 - knowledge_creator - INFO -    ✂️Split testing-framework-fileupload: 112 lines → 1 parts
2026-03-04 17:50:48 - knowledge_creator - INFO -    ✂️Split testing-framework-double_transmission: 39 lines → 1 parts
2026-03-04 17:50:48 - knowledge_creator - INFO -    ✂️Split testing-framework-delayed_receive: 56 lines → 1 parts
2026-03-04 17:50:48 - knowledge_creator - INFO -    ✂️Split testing-framework-http_send_sync: 164 lines → 1 parts
2026-03-04 17:50:48 - knowledge_creator - INFO -    ✂️Split testing-framework-http_real: 177 lines → 1 parts
2026-03-04 17:50:48 - knowledge_creator - INFO -    ✂️Split testing-framework-delayed_send: 118 lines → 1 parts
2026-03-04 17:50:48 - knowledge_creator - INFO -    ✂️Split testing-framework-rest: 118 lines → 1 parts
2026-03-04 17:50:48 - knowledge_creator - INFO -    ✂️Split testing-framework-batch: 619 lines → 2 parts
2026-03-04 17:50:48 - knowledge_creator - INFO -    ✂️Split testing-framework-send_sync: 296 lines → 1 parts
2026-03-04 17:50:48 - knowledge_creator - INFO -    ✂️Split testing-framework-real: 320 lines → 1 parts
2026-03-04 17:50:48 - knowledge_creator - INFO -    ✂️Split testing-framework-http_send_sync: 69 lines → 1 parts
2026-03-04 17:50:48 - knowledge_creator - INFO -    ✂️Split testing-framework-rest: 95 lines → 1 parts
2026-03-04 17:50:48 - knowledge_creator - INFO -    ✂️Split testing-framework-batch: 183 lines → 1 parts
2026-03-04 17:50:48 - knowledge_creator - INFO -    ✂️Split testing-framework-send_sync: 383 lines → 1 parts
2026-03-04 17:50:48 - knowledge_creator - INFO -    ✂️Split testing-framework-02_componentUnitTest: 355 lines → 1 parts
2026-03-04 17:50:48 - knowledge_creator - INFO -    ✂️Split testing-framework-01_entityUnitTestWithBeanValidation: 770 lines → 2 parts
2026-03-04 17:50:48 - knowledge_creator - INFO -    ✂️Split testing-framework-02_entityUnitTestWithNablarchValidation: 763 lines → 2 parts
2026-03-04 17:50:48 - knowledge_creator - INFO -    ✂️Split testing-framework-02_ConfigMasterDataSetupTool: 122 lines → 1 parts
2026-03-04 17:50:48 - knowledge_creator - INFO -    ✂️Split testing-framework-01_MasterDataSetupTool: 71 lines → 1 parts
2026-03-04 17:50:48 - knowledge_creator - INFO -    ✂️Split testing-framework-02_SetUpHttpDumpTool: 119 lines → 1 parts
2026-03-04 17:50:48 - knowledge_creator - INFO -    ✂️Split testing-framework-01_HttpDumpTool: 93 lines → 1 parts
2026-03-04 17:50:48 - knowledge_creator - INFO -    ✂️Split testing-framework-02_DbAccessTest: 554 lines → 2 parts
2026-03-04 17:50:48 - knowledge_creator - INFO -    ✂️Split testing-framework-RequestUnitTest_real: 197 lines → 1 parts
2026-03-04 17:50:48 - knowledge_creator - INFO -    ✂️Split testing-framework-RequestUnitTest_send_sync: 156 lines → 1 parts
2026-03-04 17:50:48 - knowledge_creator - INFO -    ✂️Split testing-framework-04_MasterDataRestore: 215 lines → 1 parts
2026-03-04 17:50:48 - knowledge_creator - INFO -    ✂️Split testing-framework-RequestUnitTest_rest: 365 lines → 1 parts
2026-03-04 17:50:48 - knowledge_creator - INFO -    ✂️Split testing-framework-01_Abstract: 740 lines → 3 parts
2026-03-04 17:50:48 - knowledge_creator - INFO -    ✂️Split testing-framework-02_RequestUnitTest: 572 lines → 2 parts
2026-03-04 17:50:48 - knowledge_creator - INFO -    ✂️Split testing-framework-JUnit5_Extension: 456 lines → 2 parts
2026-03-04 17:50:48 - knowledge_creator - INFO -    ✂️Split testing-framework-RequestUnitTest_batch: 262 lines → 1 parts
2026-03-04 17:50:48 - knowledge_creator - INFO -    ✂️Split testing-framework-03_Tips: 831 lines → 3 parts
2026-03-04 17:50:48 - knowledge_creator - INFO - 
   ✂️Split 199 large files into 265 total entries
2026-03-04 17:50:48 - knowledge_creator - INFO - 
   📑Classified 342 files
2026-03-04 17:50:48 - knowledge_creator - INFO -       🔄processing-pattern: 54
2026-03-04 17:50:48 - knowledge_creator - INFO -          📄web-application: 14
2026-03-04 17:50:48 - knowledge_creator - INFO -          📄jakarta-batch: 10
2026-03-04 17:50:48 - knowledge_creator - INFO -          📄nablarch-batch: 10
2026-03-04 17:50:48 - knowledge_creator - INFO -          📄db-messaging: 7
2026-03-04 17:50:48 - knowledge_creator - INFO -          📄restful-web-service: 5
2026-03-04 17:50:48 - knowledge_creator - INFO -          📄http-messaging: 4
2026-03-04 17:50:48 - knowledge_creator - INFO -          📄mom-messaging: 4
2026-03-04 17:50:48 - knowledge_creator - INFO -       🧩component: 171
2026-03-04 17:50:48 - knowledge_creator - INFO -          📚libraries: 93
2026-03-04 17:50:48 - knowledge_creator - INFO -          🏗️handlers: 56
2026-03-04 17:50:48 - knowledge_creator - INFO -          🔌adapters: 22
2026-03-04 17:50:48 - knowledge_creator - INFO -       🛠️development-tools: 52
2026-03-04 17:50:48 - knowledge_creator - INFO -          📄testing-framework: 46
2026-03-04 17:50:48 - knowledge_creator - INFO -          🧰toolbox: 6
2026-03-04 17:50:48 - knowledge_creator - INFO -       ⚙️setup: 28
2026-03-04 17:50:48 - knowledge_creator - INFO -          📁blank-project: 22
2026-03-04 17:50:48 - knowledge_creator - INFO -          📄setting-guide: 4
2026-03-04 17:50:48 - knowledge_creator - INFO -          ☁️cloud-native: 2
2026-03-04 17:50:48 - knowledge_creator - INFO -       ℹ️about: 12
2026-03-04 17:50:48 - knowledge_creator - INFO -          📄about-nablarch: 12
2026-03-04 17:50:48 - knowledge_creator - INFO -       📖guide: 3
2026-03-04 17:50:48 - knowledge_creator - INFO -          📄nablarch-patterns: 3
2026-03-04 17:50:48 - knowledge_creator - INFO -       ✓check: 1
2026-03-04 17:50:48 - knowledge_creator - INFO -          🔒security-check: 1
2026-03-04 17:50:48 - knowledge_creator - WARNING - 
   ⚠️WARNING: 85 files could not be classified:
2026-03-04 17:50:48 - knowledge_creator - WARNING -       .lw/nab-official/v5/nablarch-document/ja/extension_components/etl/etl_maven_plugin.rst
2026-03-04 17:50:48 - knowledge_creator - WARNING -       .lw/nab-official/v5/nablarch-document/ja/development_tools/ui_dev/guide/widget_usage/template_list.rst
2026-03-04 17:50:48 - knowledge_creator - WARNING -       .lw/nab-official/v5/nablarch-document/ja/development_tools/ui_dev/guide/widget_usage/develop_environment.rst
2026-03-04 17:50:48 - knowledge_creator - WARNING -       .lw/nab-official/v5/nablarch-document/ja/development_tools/ui_dev/guide/widget_usage/widget_list.rst
2026-03-04 17:50:48 - knowledge_creator - WARNING -       .lw/nab-official/v5/nablarch-document/ja/development_tools/ui_dev/guide/widget_usage/project_structure.rst
2026-03-04 17:50:48 - knowledge_creator - WARNING -       .lw/nab-official/v5/nablarch-document/ja/development_tools/ui_dev/guide/widget_usage/create_screen_item_list.rst
2026-03-04 17:50:48 - knowledge_creator - WARNING -       .lw/nab-official/v5/nablarch-document/ja/development_tools/ui_dev/guide/widget_usage/create_with_widget.rst
2026-03-04 17:50:48 - knowledge_creator - WARNING -       .lw/nab-official/v5/nablarch-document/ja/development_tools/ui_dev/doc/known_issues.rst
2026-03-04 17:50:48 - knowledge_creator - WARNING -       .lw/nab-official/v5/nablarch-document/ja/development_tools/ui_dev/doc/plugin_build.rst
2026-03-04 17:50:48 - knowledge_creator - WARNING -       .lw/nab-official/v5/nablarch-document/ja/development_tools/ui_dev/doc/reference_js_framework.rst
2026-03-04 17:50:48 - knowledge_creator - WARNING -       ... and 75 more
2026-03-04 17:50:48 - knowledge_creator - INFO - 
   💾Saved: tools/knowledge-creator/.logs/v5/phase-a/classified.json
2026-03-04 17:50:48 - knowledge_creator - INFO - 
🔄Round 1/2
2026-03-04 17:50:48 - knowledge_creator - INFO - 
============================================================
2026-03-04 17:50:48 - knowledge_creator - INFO - ✨Completed version 5
2026-03-04 17:50:48 - knowledge_creator - INFO - ============================================================

